This file contains any messages produced by compilers while
running configure, to aid debugging if configure makes a mistake.

It was created by LibBi configure 1.3.0, which was
generated by GNU Autoconf 2.69.  Invocation command line was

  $ ./configure --disable-assert --enable-openmp --disable-cuda --disable-cuda-fast-math --disable-gpucache --enable-sse --disable-avx --disable-mpi --disable-vampir --disable-single --disable-extradebug --disable-timing --disable-diagnostics --disable-gperftools CXXFLAGS=-O3 -g3 -funroll-loops LINKFLAGS=

## --------- ##
## Platform. ##
## --------- ##

hostname = 1x-nat-vl931-172-30-142-196.wireless.umass.edu
uname -m = x86_64
uname -r = 16.7.0
uname -s = Darwin
uname -v = Darwin Kernel Version 16.7.0: Thu Jun 15 17:36:27 PDT 2017; root:xnu-3789.70.16~2/RELEASE_X86_64

/usr/bin/uname -p = i386
/bin/uname -X     = unknown

/bin/arch              = unknown
/usr/bin/arch -k       = unknown
/usr/convex/getsysinfo = unknown
/usr/bin/hostinfo      = Mach kernel version:
	 Darwin Kernel Version 16.7.0: Thu Jun 15 17:36:27 PDT 2017; root:xnu-3789.70.16~2/RELEASE_X86_64
Kernel configured for up to 4 processors.
2 processors are physically available.
4 processors are logically available.
Processor type: x86_64h (Intel x86-64h Haswell)
Processors active: 0 1 2 3
Primary memory available: 8.00 gigabytes
Default processor set: 292 tasks, 1434 threads, 4 processors
Load average: 2.29, Mach factor: 1.76
/bin/machine           = unknown
/usr/bin/oslevel       = unknown
/bin/universe          = unknown

PATH: /Users/gcgibson/anaconda/bin
PATH: /usr/local/bin
PATH: /usr/bin
PATH: /bin
PATH: /usr/sbin
PATH: /sbin
PATH: /Library/TeX/texbin


## ----------- ##
## Core tests. ##
## ----------- ##

configure:2426: checking for a BSD-compatible install
configure:2494: result: /usr/bin/install -c
configure:2505: checking whether build environment is sane
configure:2560: result: yes
configure:2711: checking for a thread-safe mkdir -p
configure:2750: result: ./install-sh -c -d
configure:2757: checking for gawk
configure:2787: result: no
configure:2757: checking for mawk
configure:2787: result: no
configure:2757: checking for nawk
configure:2787: result: no
configure:2757: checking for awk
configure:2773: found /usr/bin/awk
configure:2784: result: awk
configure:2795: checking whether make sets $(MAKE)
configure:2817: result: yes
configure:2846: checking whether make supports nested variables
configure:2863: result: yes
configure:3229: checking for icpc
configure:3259: result: no
configure:3229: checking for g++
configure:3245: found /usr/bin/g++
configure:3256: result: g++
configure:3287: checking for C compiler version
configure:3296: g++ --version >&5
Apple LLVM version 9.0.0 (clang-900.0.38)
Target: x86_64-apple-darwin16.7.0
Thread model: posix
InstalledDir: /Library/Developer/CommandLineTools/usr/bin
Configured with: --prefix=/Library/Developer/CommandLineTools/usr --with-gxx-include-dir=/usr/include/c++/4.2.1
configure:3307: $? = 0
configure:3296: g++ -v >&5
Configured with: --prefix=/Library/Developer/CommandLineTools/usr --with-gxx-include-dir=/usr/include/c++/4.2.1
Apple LLVM version 9.0.0 (clang-900.0.38)
Target: x86_64-apple-darwin16.7.0
Thread model: posix
InstalledDir: /Library/Developer/CommandLineTools/usr/bin
configure:3307: $? = 0
configure:3296: g++ -V >&5
clang: error: argument to '-V' is missing (expected 1 value)
clang: error: no input files
configure:3307: $? = 1
configure:3296: g++ -qversion >&5
clang: error: unknown argument: '-qversion'
clang: error: no input files
configure:3307: $? = 1
configure:3327: checking whether the C compiler works
configure:3349: g++   -I/usr/local/cuda/include  -L/usr/local/cuda/lib64 -L/usr/local/cuda/lib -Wl,-rpath,/usr/local/cuda/lib64 -Wl,-rpath,/usr/local/cuda/lib conftest.c  >&5
clang: warning: treating 'c' input as 'c++' when in C++ mode, this behavior is deprecated [-Wdeprecated]
ld: warning: directory not found for option '-L/usr/local/cuda/lib64'
ld: warning: directory not found for option '-L/usr/local/cuda/lib'
configure:3353: $? = 0
configure:3401: result: yes
configure:3404: checking for C compiler default output file name
configure:3406: result: a.out
configure:3412: checking for suffix of executables
configure:3419: g++ -o conftest   -I/usr/local/cuda/include  -L/usr/local/cuda/lib64 -L/usr/local/cuda/lib -Wl,-rpath,/usr/local/cuda/lib64 -Wl,-rpath,/usr/local/cuda/lib conftest.c  >&5
clang: warning: treating 'c' input as 'c++' when in C++ mode, this behavior is deprecated [-Wdeprecated]
ld: warning: directory not found for option '-L/usr/local/cuda/lib64'
ld: warning: directory not found for option '-L/usr/local/cuda/lib'
configure:3423: $? = 0
configure:3445: result: 
configure:3467: checking whether we are cross compiling
configure:3475: g++ -o conftest   -I/usr/local/cuda/include  -L/usr/local/cuda/lib64 -L/usr/local/cuda/lib -Wl,-rpath,/usr/local/cuda/lib64 -Wl,-rpath,/usr/local/cuda/lib conftest.c  >&5
clang: warning: treating 'c' input as 'c++' when in C++ mode, this behavior is deprecated [-Wdeprecated]
ld: warning: directory not found for option '-L/usr/local/cuda/lib64'
ld: warning: directory not found for option '-L/usr/local/cuda/lib'
configure:3479: $? = 0
configure:3486: ./conftest
configure:3490: $? = 0
configure:3505: result: no
configure:3510: checking for suffix of object files
configure:3532: g++ -c   -I/usr/local/cuda/include conftest.c >&5
clang: warning: treating 'c' input as 'c++' when in C++ mode, this behavior is deprecated [-Wdeprecated]
configure:3536: $? = 0
configure:3557: result: o
configure:3561: checking whether we are using the GNU C compiler
configure:3580: g++ -c   -I/usr/local/cuda/include conftest.c >&5
clang: warning: treating 'c' input as 'c++' when in C++ mode, this behavior is deprecated [-Wdeprecated]
configure:3580: $? = 0
configure:3589: result: yes
configure:3598: checking whether g++ accepts -g
configure:3618: g++ -c -g  -I/usr/local/cuda/include conftest.c >&5
clang: warning: treating 'c' input as 'c++' when in C++ mode, this behavior is deprecated [-Wdeprecated]
configure:3618: $? = 0
configure: failed program was:
| /* confdefs.h */
| #define PACKAGE_NAME "LibBi"
| #define PACKAGE_TARNAME "libbi"
| #define PACKAGE_VERSION "1.3.0"
| #define PACKAGE_STRING "LibBi 1.3.0"
| #define PACKAGE_BUGREPORT "bug-report@libbi.org"
| #define PACKAGE_URL "http://www.libbi.org"
| /* end confdefs.h.  */
| 
| int
| main ()
| {
| 
|   ;
|   return 0;
| }
configure:3633: g++ -c   -I/usr/local/cuda/include conftest.c >&5
clang: warning: treating 'c' input as 'c++' when in C++ mode, this behavior is deprecated [-Wdeprecated]
configure:3633: $? = 0
configure: failed program was:
| /* confdefs.h */
| #define PACKAGE_NAME "LibBi"
| #define PACKAGE_TARNAME "libbi"
| #define PACKAGE_VERSION "1.3.0"
| #define PACKAGE_STRING "LibBi 1.3.0"
| #define PACKAGE_BUGREPORT "bug-report@libbi.org"
| #define PACKAGE_URL "http://www.libbi.org"
| /* end confdefs.h.  */
| 
| int
| main ()
| {
| 
|   ;
|   return 0;
| }
configure:3649: g++ -c -g  -I/usr/local/cuda/include conftest.c >&5
clang: warning: treating 'c' input as 'c++' when in C++ mode, this behavior is deprecated [-Wdeprecated]
configure:3649: $? = 0
configure:3659: result: yes
configure:3676: checking for g++ option to accept ISO C89
configure:3739: g++  -c -g -O2  -I/usr/local/cuda/include conftest.c >&5
clang: warning: treating 'c' input as 'c++' when in C++ mode, this behavior is deprecated [-Wdeprecated]
conftest.c:15:17: error: C++ requires a type specifier for all declarations
static char *e (p, i)
                ^
conftest.c:15:20: error: unknown type name 'i'
static char *e (p, i)
                   ^
conftest.c:15:22: error: expected ';' after top level declarator
static char *e (p, i)
                     ^
                     ;
conftest.c:18:1: error: expected unqualified-id
{
^
4 errors generated.
configure:3739: $? = 1
configure: failed program was:
| /* confdefs.h */
| #define PACKAGE_NAME "LibBi"
| #define PACKAGE_TARNAME "libbi"
| #define PACKAGE_VERSION "1.3.0"
| #define PACKAGE_STRING "LibBi 1.3.0"
| #define PACKAGE_BUGREPORT "bug-report@libbi.org"
| #define PACKAGE_URL "http://www.libbi.org"
| /* end confdefs.h.  */
| #include <stdarg.h>
| #include <stdio.h>
| struct stat;
| /* Most of the following tests are stolen from RCS 5.7's src/conf.sh.  */
| struct buf { int x; };
| FILE * (*rcsopen) (struct buf *, struct stat *, int);
| static char *e (p, i)
|      char **p;
|      int i;
| {
|   return p[i];
| }
| static char *f (char * (*g) (char **, int), char **p, ...)
| {
|   char *s;
|   va_list v;
|   va_start (v,p);
|   s = g (p, va_arg (v,int));
|   va_end (v);
|   return s;
| }
| 
| /* OSF 4.0 Compaq cc is some sort of almost-ANSI by default.  It has
|    function prototypes and stuff, but not '\xHH' hex character constants.
|    These don't provoke an error unfortunately, instead are silently treated
|    as 'x'.  The following induces an error, until -std is added to get
|    proper ANSI mode.  Curiously '\x00'!='x' always comes out true, for an
|    array size at least.  It's necessary to write '\x00'==0 to get something
|    that's true only with -std.  */
| int osf4_cc_array ['\x00' == 0 ? 1 : -1];
| 
| /* IBM C 6 for AIX is almost-ANSI by default, but it replaces macro parameters
|    inside strings and character constants.  */
| #define FOO(x) 'x'
| int xlc6_cc_array[FOO(a) == 'x' ? 1 : -1];
| 
| int test (int i, double x);
| struct s1 {int (*f) (int a);};
| struct s2 {int (*f) (double a);};
| int pairnames (int, char **, FILE *(*)(struct buf *, struct stat *, int), int, int);
| int argc;
| char **argv;
| int
| main ()
| {
| return f (e, argv, 0) != argv[0]  ||  f (e, argv, 1) != argv[1];
|   ;
|   return 0;
| }
configure:3739: g++ -qlanglvl=extc89 -c -g -O2  -I/usr/local/cuda/include conftest.c >&5
clang: error: unknown argument: '-qlanglvl=extc89'
clang: warning: treating 'c' input as 'c++' when in C++ mode, this behavior is deprecated [-Wdeprecated]
configure:3739: $? = 1
configure: failed program was:
| /* confdefs.h */
| #define PACKAGE_NAME "LibBi"
| #define PACKAGE_TARNAME "libbi"
| #define PACKAGE_VERSION "1.3.0"
| #define PACKAGE_STRING "LibBi 1.3.0"
| #define PACKAGE_BUGREPORT "bug-report@libbi.org"
| #define PACKAGE_URL "http://www.libbi.org"
| /* end confdefs.h.  */
| #include <stdarg.h>
| #include <stdio.h>
| struct stat;
| /* Most of the following tests are stolen from RCS 5.7's src/conf.sh.  */
| struct buf { int x; };
| FILE * (*rcsopen) (struct buf *, struct stat *, int);
| static char *e (p, i)
|      char **p;
|      int i;
| {
|   return p[i];
| }
| static char *f (char * (*g) (char **, int), char **p, ...)
| {
|   char *s;
|   va_list v;
|   va_start (v,p);
|   s = g (p, va_arg (v,int));
|   va_end (v);
|   return s;
| }
| 
| /* OSF 4.0 Compaq cc is some sort of almost-ANSI by default.  It has
|    function prototypes and stuff, but not '\xHH' hex character constants.
|    These don't provoke an error unfortunately, instead are silently treated
|    as 'x'.  The following induces an error, until -std is added to get
|    proper ANSI mode.  Curiously '\x00'!='x' always comes out true, for an
|    array size at least.  It's necessary to write '\x00'==0 to get something
|    that's true only with -std.  */
| int osf4_cc_array ['\x00' == 0 ? 1 : -1];
| 
| /* IBM C 6 for AIX is almost-ANSI by default, but it replaces macro parameters
|    inside strings and character constants.  */
| #define FOO(x) 'x'
| int xlc6_cc_array[FOO(a) == 'x' ? 1 : -1];
| 
| int test (int i, double x);
| struct s1 {int (*f) (int a);};
| struct s2 {int (*f) (double a);};
| int pairnames (int, char **, FILE *(*)(struct buf *, struct stat *, int), int, int);
| int argc;
| char **argv;
| int
| main ()
| {
| return f (e, argv, 0) != argv[0]  ||  f (e, argv, 1) != argv[1];
|   ;
|   return 0;
| }
configure:3739: g++ -qlanglvl=ansi -c -g -O2  -I/usr/local/cuda/include conftest.c >&5
clang: error: unknown argument: '-qlanglvl=ansi'
clang: warning: treating 'c' input as 'c++' when in C++ mode, this behavior is deprecated [-Wdeprecated]
configure:3739: $? = 1
configure: failed program was:
| /* confdefs.h */
| #define PACKAGE_NAME "LibBi"
| #define PACKAGE_TARNAME "libbi"
| #define PACKAGE_VERSION "1.3.0"
| #define PACKAGE_STRING "LibBi 1.3.0"
| #define PACKAGE_BUGREPORT "bug-report@libbi.org"
| #define PACKAGE_URL "http://www.libbi.org"
| /* end confdefs.h.  */
| #include <stdarg.h>
| #include <stdio.h>
| struct stat;
| /* Most of the following tests are stolen from RCS 5.7's src/conf.sh.  */
| struct buf { int x; };
| FILE * (*rcsopen) (struct buf *, struct stat *, int);
| static char *e (p, i)
|      char **p;
|      int i;
| {
|   return p[i];
| }
| static char *f (char * (*g) (char **, int), char **p, ...)
| {
|   char *s;
|   va_list v;
|   va_start (v,p);
|   s = g (p, va_arg (v,int));
|   va_end (v);
|   return s;
| }
| 
| /* OSF 4.0 Compaq cc is some sort of almost-ANSI by default.  It has
|    function prototypes and stuff, but not '\xHH' hex character constants.
|    These don't provoke an error unfortunately, instead are silently treated
|    as 'x'.  The following induces an error, until -std is added to get
|    proper ANSI mode.  Curiously '\x00'!='x' always comes out true, for an
|    array size at least.  It's necessary to write '\x00'==0 to get something
|    that's true only with -std.  */
| int osf4_cc_array ['\x00' == 0 ? 1 : -1];
| 
| /* IBM C 6 for AIX is almost-ANSI by default, but it replaces macro parameters
|    inside strings and character constants.  */
| #define FOO(x) 'x'
| int xlc6_cc_array[FOO(a) == 'x' ? 1 : -1];
| 
| int test (int i, double x);
| struct s1 {int (*f) (int a);};
| struct s2 {int (*f) (double a);};
| int pairnames (int, char **, FILE *(*)(struct buf *, struct stat *, int), int, int);
| int argc;
| char **argv;
| int
| main ()
| {
| return f (e, argv, 0) != argv[0]  ||  f (e, argv, 1) != argv[1];
|   ;
|   return 0;
| }
configure:3739: g++ -std -c -g -O2  -I/usr/local/cuda/include conftest.c >&5
clang: error: unknown argument: '-std'
clang: warning: treating 'c' input as 'c++' when in C++ mode, this behavior is deprecated [-Wdeprecated]
configure:3739: $? = 1
configure: failed program was:
| /* confdefs.h */
| #define PACKAGE_NAME "LibBi"
| #define PACKAGE_TARNAME "libbi"
| #define PACKAGE_VERSION "1.3.0"
| #define PACKAGE_STRING "LibBi 1.3.0"
| #define PACKAGE_BUGREPORT "bug-report@libbi.org"
| #define PACKAGE_URL "http://www.libbi.org"
| /* end confdefs.h.  */
| #include <stdarg.h>
| #include <stdio.h>
| struct stat;
| /* Most of the following tests are stolen from RCS 5.7's src/conf.sh.  */
| struct buf { int x; };
| FILE * (*rcsopen) (struct buf *, struct stat *, int);
| static char *e (p, i)
|      char **p;
|      int i;
| {
|   return p[i];
| }
| static char *f (char * (*g) (char **, int), char **p, ...)
| {
|   char *s;
|   va_list v;
|   va_start (v,p);
|   s = g (p, va_arg (v,int));
|   va_end (v);
|   return s;
| }
| 
| /* OSF 4.0 Compaq cc is some sort of almost-ANSI by default.  It has
|    function prototypes and stuff, but not '\xHH' hex character constants.
|    These don't provoke an error unfortunately, instead are silently treated
|    as 'x'.  The following induces an error, until -std is added to get
|    proper ANSI mode.  Curiously '\x00'!='x' always comes out true, for an
|    array size at least.  It's necessary to write '\x00'==0 to get something
|    that's true only with -std.  */
| int osf4_cc_array ['\x00' == 0 ? 1 : -1];
| 
| /* IBM C 6 for AIX is almost-ANSI by default, but it replaces macro parameters
|    inside strings and character constants.  */
| #define FOO(x) 'x'
| int xlc6_cc_array[FOO(a) == 'x' ? 1 : -1];
| 
| int test (int i, double x);
| struct s1 {int (*f) (int a);};
| struct s2 {int (*f) (double a);};
| int pairnames (int, char **, FILE *(*)(struct buf *, struct stat *, int), int, int);
| int argc;
| char **argv;
| int
| main ()
| {
| return f (e, argv, 0) != argv[0]  ||  f (e, argv, 1) != argv[1];
|   ;
|   return 0;
| }
configure:3739: g++ -Ae -c -g -O2  -I/usr/local/cuda/include conftest.c >&5
clang: warning: treating 'c' input as 'c++' when in C++ mode, this behavior is deprecated [-Wdeprecated]
clang: warning: argument unused during compilation: '-Ae' [-Wunused-command-line-argument]
conftest.c:15:17: error: C++ requires a type specifier for all declarations
static char *e (p, i)
                ^
conftest.c:15:20: error: unknown type name 'i'
static char *e (p, i)
                   ^
conftest.c:15:22: error: expected ';' after top level declarator
static char *e (p, i)
                     ^
                     ;
conftest.c:18:1: error: expected unqualified-id
{
^
4 errors generated.
configure:3739: $? = 1
configure: failed program was:
| /* confdefs.h */
| #define PACKAGE_NAME "LibBi"
| #define PACKAGE_TARNAME "libbi"
| #define PACKAGE_VERSION "1.3.0"
| #define PACKAGE_STRING "LibBi 1.3.0"
| #define PACKAGE_BUGREPORT "bug-report@libbi.org"
| #define PACKAGE_URL "http://www.libbi.org"
| /* end confdefs.h.  */
| #include <stdarg.h>
| #include <stdio.h>
| struct stat;
| /* Most of the following tests are stolen from RCS 5.7's src/conf.sh.  */
| struct buf { int x; };
| FILE * (*rcsopen) (struct buf *, struct stat *, int);
| static char *e (p, i)
|      char **p;
|      int i;
| {
|   return p[i];
| }
| static char *f (char * (*g) (char **, int), char **p, ...)
| {
|   char *s;
|   va_list v;
|   va_start (v,p);
|   s = g (p, va_arg (v,int));
|   va_end (v);
|   return s;
| }
| 
| /* OSF 4.0 Compaq cc is some sort of almost-ANSI by default.  It has
|    function prototypes and stuff, but not '\xHH' hex character constants.
|    These don't provoke an error unfortunately, instead are silently treated
|    as 'x'.  The following induces an error, until -std is added to get
|    proper ANSI mode.  Curiously '\x00'!='x' always comes out true, for an
|    array size at least.  It's necessary to write '\x00'==0 to get something
|    that's true only with -std.  */
| int osf4_cc_array ['\x00' == 0 ? 1 : -1];
| 
| /* IBM C 6 for AIX is almost-ANSI by default, but it replaces macro parameters
|    inside strings and character constants.  */
| #define FOO(x) 'x'
| int xlc6_cc_array[FOO(a) == 'x' ? 1 : -1];
| 
| int test (int i, double x);
| struct s1 {int (*f) (int a);};
| struct s2 {int (*f) (double a);};
| int pairnames (int, char **, FILE *(*)(struct buf *, struct stat *, int), int, int);
| int argc;
| char **argv;
| int
| main ()
| {
| return f (e, argv, 0) != argv[0]  ||  f (e, argv, 1) != argv[1];
|   ;
|   return 0;
| }
configure:3739: g++ -Aa -D_HPUX_SOURCE -c -g -O2  -I/usr/local/cuda/include conftest.c >&5
clang: warning: treating 'c' input as 'c++' when in C++ mode, this behavior is deprecated [-Wdeprecated]
clang: warning: argument unused during compilation: '-Aa' [-Wunused-command-line-argument]
conftest.c:15:17: error: C++ requires a type specifier for all declarations
static char *e (p, i)
                ^
conftest.c:15:20: error: unknown type name 'i'
static char *e (p, i)
                   ^
conftest.c:15:22: error: expected ';' after top level declarator
static char *e (p, i)
                     ^
                     ;
conftest.c:18:1: error: expected unqualified-id
{
^
4 errors generated.
configure:3739: $? = 1
configure: failed program was:
| /* confdefs.h */
| #define PACKAGE_NAME "LibBi"
| #define PACKAGE_TARNAME "libbi"
| #define PACKAGE_VERSION "1.3.0"
| #define PACKAGE_STRING "LibBi 1.3.0"
| #define PACKAGE_BUGREPORT "bug-report@libbi.org"
| #define PACKAGE_URL "http://www.libbi.org"
| /* end confdefs.h.  */
| #include <stdarg.h>
| #include <stdio.h>
| struct stat;
| /* Most of the following tests are stolen from RCS 5.7's src/conf.sh.  */
| struct buf { int x; };
| FILE * (*rcsopen) (struct buf *, struct stat *, int);
| static char *e (p, i)
|      char **p;
|      int i;
| {
|   return p[i];
| }
| static char *f (char * (*g) (char **, int), char **p, ...)
| {
|   char *s;
|   va_list v;
|   va_start (v,p);
|   s = g (p, va_arg (v,int));
|   va_end (v);
|   return s;
| }
| 
| /* OSF 4.0 Compaq cc is some sort of almost-ANSI by default.  It has
|    function prototypes and stuff, but not '\xHH' hex character constants.
|    These don't provoke an error unfortunately, instead are silently treated
|    as 'x'.  The following induces an error, until -std is added to get
|    proper ANSI mode.  Curiously '\x00'!='x' always comes out true, for an
|    array size at least.  It's necessary to write '\x00'==0 to get something
|    that's true only with -std.  */
| int osf4_cc_array ['\x00' == 0 ? 1 : -1];
| 
| /* IBM C 6 for AIX is almost-ANSI by default, but it replaces macro parameters
|    inside strings and character constants.  */
| #define FOO(x) 'x'
| int xlc6_cc_array[FOO(a) == 'x' ? 1 : -1];
| 
| int test (int i, double x);
| struct s1 {int (*f) (int a);};
| struct s2 {int (*f) (double a);};
| int pairnames (int, char **, FILE *(*)(struct buf *, struct stat *, int), int, int);
| int argc;
| char **argv;
| int
| main ()
| {
| return f (e, argv, 0) != argv[0]  ||  f (e, argv, 1) != argv[1];
|   ;
|   return 0;
| }
configure:3739: g++ -Xc -D__EXTENSIONS__ -c -g -O2  -I/usr/local/cuda/include conftest.c >&5
clang: warning: treating 'c' input as 'c++' when in C++ mode, this behavior is deprecated [-Wdeprecated]
clang: warning: argument unused during compilation: '-Xc' [-Wunused-command-line-argument]
conftest.c:15:17: error: C++ requires a type specifier for all declarations
static char *e (p, i)
                ^
conftest.c:15:20: error: unknown type name 'i'
static char *e (p, i)
                   ^
conftest.c:15:22: error: expected ';' after top level declarator
static char *e (p, i)
                     ^
                     ;
conftest.c:18:1: error: expected unqualified-id
{
^
4 errors generated.
configure:3739: $? = 1
configure: failed program was:
| /* confdefs.h */
| #define PACKAGE_NAME "LibBi"
| #define PACKAGE_TARNAME "libbi"
| #define PACKAGE_VERSION "1.3.0"
| #define PACKAGE_STRING "LibBi 1.3.0"
| #define PACKAGE_BUGREPORT "bug-report@libbi.org"
| #define PACKAGE_URL "http://www.libbi.org"
| /* end confdefs.h.  */
| #include <stdarg.h>
| #include <stdio.h>
| struct stat;
| /* Most of the following tests are stolen from RCS 5.7's src/conf.sh.  */
| struct buf { int x; };
| FILE * (*rcsopen) (struct buf *, struct stat *, int);
| static char *e (p, i)
|      char **p;
|      int i;
| {
|   return p[i];
| }
| static char *f (char * (*g) (char **, int), char **p, ...)
| {
|   char *s;
|   va_list v;
|   va_start (v,p);
|   s = g (p, va_arg (v,int));
|   va_end (v);
|   return s;
| }
| 
| /* OSF 4.0 Compaq cc is some sort of almost-ANSI by default.  It has
|    function prototypes and stuff, but not '\xHH' hex character constants.
|    These don't provoke an error unfortunately, instead are silently treated
|    as 'x'.  The following induces an error, until -std is added to get
|    proper ANSI mode.  Curiously '\x00'!='x' always comes out true, for an
|    array size at least.  It's necessary to write '\x00'==0 to get something
|    that's true only with -std.  */
| int osf4_cc_array ['\x00' == 0 ? 1 : -1];
| 
| /* IBM C 6 for AIX is almost-ANSI by default, but it replaces macro parameters
|    inside strings and character constants.  */
| #define FOO(x) 'x'
| int xlc6_cc_array[FOO(a) == 'x' ? 1 : -1];
| 
| int test (int i, double x);
| struct s1 {int (*f) (int a);};
| struct s2 {int (*f) (double a);};
| int pairnames (int, char **, FILE *(*)(struct buf *, struct stat *, int), int, int);
| int argc;
| char **argv;
| int
| main ()
| {
| return f (e, argv, 0) != argv[0]  ||  f (e, argv, 1) != argv[1];
|   ;
|   return 0;
| }
configure:3755: result: unsupported
configure:3777: checking whether g++ understands -c and -o together
configure:3799: g++ -c conftest.c -o conftest2.o
clang: warning: treating 'c' input as 'c++' when in C++ mode, this behavior is deprecated [-Wdeprecated]
configure:3802: $? = 0
configure:3799: g++ -c conftest.c -o conftest2.o
clang: warning: treating 'c' input as 'c++' when in C++ mode, this behavior is deprecated [-Wdeprecated]
configure:3802: $? = 0
configure:3814: result: yes
configure:3842: checking for style of include used by make
configure:3870: result: GNU
configure:3896: checking dependency style of g++
configure:4007: result: gcc3
configure:4027: checking how to run the C preprocessor
configure:4058: g++ -E  -I/usr/local/cuda/include conftest.c
clang: warning: treating 'c' input as 'c++' when in C++ mode, this behavior is deprecated [-Wdeprecated]
configure:4058: $? = 0
configure:4072: g++ -E  -I/usr/local/cuda/include conftest.c
clang: warning: treating 'c' input as 'c++' when in C++ mode, this behavior is deprecated [-Wdeprecated]
conftest.c:9:10: fatal error: 'ac_nonexistent.h' file not found
#include <ac_nonexistent.h>
         ^~~~~~~~~~~~~~~~~~
1 error generated.
configure:4072: $? = 1
configure: failed program was:
| /* confdefs.h */
| #define PACKAGE_NAME "LibBi"
| #define PACKAGE_TARNAME "libbi"
| #define PACKAGE_VERSION "1.3.0"
| #define PACKAGE_STRING "LibBi 1.3.0"
| #define PACKAGE_BUGREPORT "bug-report@libbi.org"
| #define PACKAGE_URL "http://www.libbi.org"
| /* end confdefs.h.  */
| #include <ac_nonexistent.h>
configure:4097: result: g++ -E
configure:4117: g++ -E  -I/usr/local/cuda/include conftest.c
clang: warning: treating 'c' input as 'c++' when in C++ mode, this behavior is deprecated [-Wdeprecated]
configure:4117: $? = 0
configure:4131: g++ -E  -I/usr/local/cuda/include conftest.c
clang: warning: treating 'c' input as 'c++' when in C++ mode, this behavior is deprecated [-Wdeprecated]
conftest.c:9:10: fatal error: 'ac_nonexistent.h' file not found
#include <ac_nonexistent.h>
         ^~~~~~~~~~~~~~~~~~
1 error generated.
configure:4131: $? = 1
configure: failed program was:
| /* confdefs.h */
| #define PACKAGE_NAME "LibBi"
| #define PACKAGE_TARNAME "libbi"
| #define PACKAGE_VERSION "1.3.0"
| #define PACKAGE_STRING "LibBi 1.3.0"
| #define PACKAGE_BUGREPORT "bug-report@libbi.org"
| #define PACKAGE_URL "http://www.libbi.org"
| /* end confdefs.h.  */
| #include <ac_nonexistent.h>
configure:4217: checking for icpc
configure:4247: result: no
configure:4217: checking for g++
configure:4233: found /usr/bin/g++
configure:4244: result: g++
configure:4271: checking for C++ compiler version
configure:4280: g++ --version >&5
Apple LLVM version 9.0.0 (clang-900.0.38)
Target: x86_64-apple-darwin16.7.0
Thread model: posix
InstalledDir: /Library/Developer/CommandLineTools/usr/bin
Configured with: --prefix=/Library/Developer/CommandLineTools/usr --with-gxx-include-dir=/usr/include/c++/4.2.1
configure:4291: $? = 0
configure:4280: g++ -v >&5
Configured with: --prefix=/Library/Developer/CommandLineTools/usr --with-gxx-include-dir=/usr/include/c++/4.2.1
Apple LLVM version 9.0.0 (clang-900.0.38)
Target: x86_64-apple-darwin16.7.0
Thread model: posix
InstalledDir: /Library/Developer/CommandLineTools/usr/bin
configure:4291: $? = 0
configure:4280: g++ -V >&5
clang: error: argument to '-V' is missing (expected 1 value)
clang: error: no input files
configure:4291: $? = 1
configure:4280: g++ -qversion >&5
clang: error: unknown argument: '-qversion'
clang: error: no input files
configure:4291: $? = 1
configure:4295: checking whether we are using the GNU C++ compiler
configure:4314: g++ -c -O3 -g3 -funroll-loops  -I/usr/local/cuda/include conftest.cpp >&5
configure:4314: $? = 0
configure:4323: result: yes
configure:4332: checking whether g++ accepts -g
configure:4352: g++ -c -g  -I/usr/local/cuda/include conftest.cpp >&5
configure:4352: $? = 0
configure:4393: result: yes
configure:4418: checking dependency style of g++
configure:4529: result: gcc3
configure:4549: checking how to run the C++ preprocessor
configure:4576: g++ -E  -I/usr/local/cuda/include conftest.cpp
configure:4576: $? = 0
configure:4590: g++ -E  -I/usr/local/cuda/include conftest.cpp
conftest.cpp:9:10: fatal error: 'ac_nonexistent.h' file not found
#include <ac_nonexistent.h>
         ^~~~~~~~~~~~~~~~~~
1 error generated.
configure:4590: $? = 1
configure: failed program was:
| /* confdefs.h */
| #define PACKAGE_NAME "LibBi"
| #define PACKAGE_TARNAME "libbi"
| #define PACKAGE_VERSION "1.3.0"
| #define PACKAGE_STRING "LibBi 1.3.0"
| #define PACKAGE_BUGREPORT "bug-report@libbi.org"
| #define PACKAGE_URL "http://www.libbi.org"
| /* end confdefs.h.  */
| #include <ac_nonexistent.h>
configure:4615: result: g++ -E
configure:4635: g++ -E  -I/usr/local/cuda/include conftest.cpp
configure:4635: $? = 0
configure:4649: g++ -E  -I/usr/local/cuda/include conftest.cpp
conftest.cpp:9:10: fatal error: 'ac_nonexistent.h' file not found
#include <ac_nonexistent.h>
         ^~~~~~~~~~~~~~~~~~
1 error generated.
configure:4649: $? = 1
configure: failed program was:
| /* confdefs.h */
| #define PACKAGE_NAME "LibBi"
| #define PACKAGE_TARNAME "libbi"
| #define PACKAGE_VERSION "1.3.0"
| #define PACKAGE_STRING "LibBi 1.3.0"
| #define PACKAGE_BUGREPORT "bug-report@libbi.org"
| #define PACKAGE_URL "http://www.libbi.org"
| /* end confdefs.h.  */
| #include <ac_nonexistent.h>
configure:4679: checking for nvcc
configure:4711: result: nvcc
configure:4764: checking for ranlib
configure:4780: found /usr/bin/ranlib
configure:4791: result: ranlib
configure:4819: checking for omp.h
configure:4819: g++ -E  -I/usr/local/cuda/include conftest.cpp
conftest.cpp:9:10: fatal error: 'omp.h' file not found
#include <omp.h>
         ^~~~~~~
1 error generated.
configure:4819: $? = 1
configure: failed program was:
| /* confdefs.h */
| #define PACKAGE_NAME "LibBi"
| #define PACKAGE_TARNAME "libbi"
| #define PACKAGE_VERSION "1.3.0"
| #define PACKAGE_STRING "LibBi 1.3.0"
| #define PACKAGE_BUGREPORT "bug-report@libbi.org"
| #define PACKAGE_URL "http://www.libbi.org"
| /* end confdefs.h.  */
| #include <omp.h>
configure:4819: result: no
configure:5014: checking for main in -lm
configure:5033: g++ -o conftest -O3 -g3 -funroll-loops  -I/usr/local/cuda/include  -L/usr/local/cuda/lib64 -L/usr/local/cuda/lib -Wl,-rpath,/usr/local/cuda/lib64 -Wl,-rpath,/usr/local/cuda/lib conftest.cpp -lm   >&5
ld: warning: directory not found for option '-L/usr/local/cuda/lib64'
ld: warning: directory not found for option '-L/usr/local/cuda/lib'
configure:5033: $? = 0
configure:5042: result: yes
configure:5055: checking for main in -lgfortran
configure:5074: g++ -o conftest -O3 -g3 -funroll-loops  -I/usr/local/cuda/include  -L/usr/local/cuda/lib64 -L/usr/local/cuda/lib -Wl,-rpath,/usr/local/cuda/lib64 -Wl,-rpath,/usr/local/cuda/lib conftest.cpp -lgfortran  -lm  >&5
ld: warning: directory not found for option '-L/usr/local/cuda/lib64'
ld: warning: directory not found for option '-L/usr/local/cuda/lib'
ld: library not found for -lgfortran
clang: error: linker command failed with exit code 1 (use -v to see invocation)
configure:5074: $? = 1
configure: failed program was:
| /* confdefs.h */
| #define PACKAGE_NAME "LibBi"
| #define PACKAGE_TARNAME "libbi"
| #define PACKAGE_VERSION "1.3.0"
| #define PACKAGE_STRING "LibBi 1.3.0"
| #define PACKAGE_BUGREPORT "bug-report@libbi.org"
| #define PACKAGE_URL "http://www.libbi.org"
| #define THRUST_DEVICE_SYSTEM THRUST_DEVICE_SYSTEM_CPP
| #define THRUST_HOST_SYSTEM THRUST_HOST_SYSTEM_CPP
| #define HAVE_LIBM 1
| /* end confdefs.h.  */
| 
| 
| int
| main ()
| {
| return main ();
|   ;
|   return 0;
| }
configure:5083: result: no
configure:5096: checking for library containing mkl_blas_dgemv
configure:5127: g++ -o conftest -O3 -g3 -funroll-loops  -I/usr/local/cuda/include  -L/usr/local/cuda/lib64 -L/usr/local/cuda/lib -Wl,-rpath,/usr/local/cuda/lib64 -Wl,-rpath,/usr/local/cuda/lib conftest.cpp -lm  >&5
ld: warning: directory not found for option '-L/usr/local/cuda/lib64'
ld: warning: directory not found for option '-L/usr/local/cuda/lib'
Undefined symbols for architecture x86_64:
  "_mkl_blas_dgemv", referenced from:
      _main in conftest-cd71d7.o
ld: symbol(s) not found for architecture x86_64
clang: error: linker command failed with exit code 1 (use -v to see invocation)
configure:5127: $? = 1
configure: failed program was:
| /* confdefs.h */
| #define PACKAGE_NAME "LibBi"
| #define PACKAGE_TARNAME "libbi"
| #define PACKAGE_VERSION "1.3.0"
| #define PACKAGE_STRING "LibBi 1.3.0"
| #define PACKAGE_BUGREPORT "bug-report@libbi.org"
| #define PACKAGE_URL "http://www.libbi.org"
| #define THRUST_DEVICE_SYSTEM THRUST_DEVICE_SYSTEM_CPP
| #define THRUST_HOST_SYSTEM THRUST_HOST_SYSTEM_CPP
| #define HAVE_LIBM 1
| /* end confdefs.h.  */
| 
| /* Override any GCC internal prototype to avoid an error.
|    Use char because int might match the return type of a GCC
|    builtin and then its argument prototype would still apply.  */
| #ifdef __cplusplus
| extern "C"
| #endif
| char mkl_blas_dgemv ();
| int
| main ()
| {
| return mkl_blas_dgemv ();
|   ;
|   return 0;
| }
configure:5127: g++ -o conftest -O3 -g3 -funroll-loops  -I/usr/local/cuda/include  -L/usr/local/cuda/lib64 -L/usr/local/cuda/lib -Wl,-rpath,/usr/local/cuda/lib64 -Wl,-rpath,/usr/local/cuda/lib conftest.cpp -lmkl_intel -lmkl_sequential -lmkl_core -lm  >&5
ld: warning: directory not found for option '-L/usr/local/cuda/lib64'
ld: warning: directory not found for option '-L/usr/local/cuda/lib'
ld: library not found for -lmkl_intel
clang: error: linker command failed with exit code 1 (use -v to see invocation)
configure:5127: $? = 1
configure: failed program was:
| /* confdefs.h */
| #define PACKAGE_NAME "LibBi"
| #define PACKAGE_TARNAME "libbi"
| #define PACKAGE_VERSION "1.3.0"
| #define PACKAGE_STRING "LibBi 1.3.0"
| #define PACKAGE_BUGREPORT "bug-report@libbi.org"
| #define PACKAGE_URL "http://www.libbi.org"
| #define THRUST_DEVICE_SYSTEM THRUST_DEVICE_SYSTEM_CPP
| #define THRUST_HOST_SYSTEM THRUST_HOST_SYSTEM_CPP
| #define HAVE_LIBM 1
| /* end confdefs.h.  */
| 
| /* Override any GCC internal prototype to avoid an error.
|    Use char because int might match the return type of a GCC
|    builtin and then its argument prototype would still apply.  */
| #ifdef __cplusplus
| extern "C"
| #endif
| char mkl_blas_dgemv ();
| int
| main ()
| {
| return mkl_blas_dgemv ();
|   ;
|   return 0;
| }
configure:5127: g++ -o conftest -O3 -g3 -funroll-loops  -I/usr/local/cuda/include  -L/usr/local/cuda/lib64 -L/usr/local/cuda/lib -Wl,-rpath,/usr/local/cuda/lib64 -Wl,-rpath,/usr/local/cuda/lib conftest.cpp -lmkl_intel_lp64 -lmkl_sequential -lmkl_core -lm  >&5
ld: warning: directory not found for option '-L/usr/local/cuda/lib64'
ld: warning: directory not found for option '-L/usr/local/cuda/lib'
ld: library not found for -lmkl_intel_lp64
clang: error: linker command failed with exit code 1 (use -v to see invocation)
configure:5127: $? = 1
configure: failed program was:
| /* confdefs.h */
| #define PACKAGE_NAME "LibBi"
| #define PACKAGE_TARNAME "libbi"
| #define PACKAGE_VERSION "1.3.0"
| #define PACKAGE_STRING "LibBi 1.3.0"
| #define PACKAGE_BUGREPORT "bug-report@libbi.org"
| #define PACKAGE_URL "http://www.libbi.org"
| #define THRUST_DEVICE_SYSTEM THRUST_DEVICE_SYSTEM_CPP
| #define THRUST_HOST_SYSTEM THRUST_HOST_SYSTEM_CPP
| #define HAVE_LIBM 1
| /* end confdefs.h.  */
| 
| /* Override any GCC internal prototype to avoid an error.
|    Use char because int might match the return type of a GCC
|    builtin and then its argument prototype would still apply.  */
| #ifdef __cplusplus
| extern "C"
| #endif
| char mkl_blas_dgemv ();
| int
| main ()
| {
| return mkl_blas_dgemv ();
|   ;
|   return 0;
| }
configure:5144: result: no
configure:5152: checking for mkl_blas_dgemv in -lmkl_sequential
configure:5177: g++ -o conftest -O3 -g3 -funroll-loops  -I/usr/local/cuda/include  -L/usr/local/cuda/lib64 -L/usr/local/cuda/lib -Wl,-rpath,/usr/local/cuda/lib64 -Wl,-rpath,/usr/local/cuda/lib conftest.cpp -lmkl_sequential -lmkl_core -lm  >&5
ld: warning: directory not found for option '-L/usr/local/cuda/lib64'
ld: warning: directory not found for option '-L/usr/local/cuda/lib'
ld: library not found for -lmkl_sequential
clang: error: linker command failed with exit code 1 (use -v to see invocation)
configure:5177: $? = 1
configure: failed program was:
| /* confdefs.h */
| #define PACKAGE_NAME "LibBi"
| #define PACKAGE_TARNAME "libbi"
| #define PACKAGE_VERSION "1.3.0"
| #define PACKAGE_STRING "LibBi 1.3.0"
| #define PACKAGE_BUGREPORT "bug-report@libbi.org"
| #define PACKAGE_URL "http://www.libbi.org"
| #define THRUST_DEVICE_SYSTEM THRUST_DEVICE_SYSTEM_CPP
| #define THRUST_HOST_SYSTEM THRUST_HOST_SYSTEM_CPP
| #define HAVE_LIBM 1
| /* end confdefs.h.  */
| 
| /* Override any GCC internal prototype to avoid an error.
|    Use char because int might match the return type of a GCC
|    builtin and then its argument prototype would still apply.  */
| #ifdef __cplusplus
| extern "C"
| #endif
| char mkl_blas_dgemv ();
| int
| main ()
| {
| return mkl_blas_dgemv ();
|   ;
|   return 0;
| }
configure:5186: result: no
configure:5197: checking for mkl_blas_dgemv in -lmkl_core
configure:5222: g++ -o conftest -O3 -g3 -funroll-loops  -I/usr/local/cuda/include  -L/usr/local/cuda/lib64 -L/usr/local/cuda/lib -Wl,-rpath,/usr/local/cuda/lib64 -Wl,-rpath,/usr/local/cuda/lib conftest.cpp -lmkl_core  -lm  >&5
ld: warning: directory not found for option '-L/usr/local/cuda/lib64'
ld: warning: directory not found for option '-L/usr/local/cuda/lib'
ld: library not found for -lmkl_core
clang: error: linker command failed with exit code 1 (use -v to see invocation)
configure:5222: $? = 1
configure: failed program was:
| /* confdefs.h */
| #define PACKAGE_NAME "LibBi"
| #define PACKAGE_TARNAME "libbi"
| #define PACKAGE_VERSION "1.3.0"
| #define PACKAGE_STRING "LibBi 1.3.0"
| #define PACKAGE_BUGREPORT "bug-report@libbi.org"
| #define PACKAGE_URL "http://www.libbi.org"
| #define THRUST_DEVICE_SYSTEM THRUST_DEVICE_SYSTEM_CPP
| #define THRUST_HOST_SYSTEM THRUST_HOST_SYSTEM_CPP
| #define HAVE_LIBM 1
| /* end confdefs.h.  */
| 
| /* Override any GCC internal prototype to avoid an error.
|    Use char because int might match the return type of a GCC
|    builtin and then its argument prototype would still apply.  */
| #ifdef __cplusplus
| extern "C"
| #endif
| char mkl_blas_dgemv ();
| int
| main ()
| {
| return mkl_blas_dgemv ();
|   ;
|   return 0;
| }
configure:5231: result: no
configure:5244: checking for main in -latlas
configure:5263: g++ -o conftest -O3 -g3 -funroll-loops  -I/usr/local/cuda/include  -L/usr/local/cuda/lib64 -L/usr/local/cuda/lib -Wl,-rpath,/usr/local/cuda/lib64 -Wl,-rpath,/usr/local/cuda/lib conftest.cpp -latlas  -lm  >&5
ld: warning: directory not found for option '-L/usr/local/cuda/lib64'
ld: warning: directory not found for option '-L/usr/local/cuda/lib'
ld: library not found for -latlas
clang: error: linker command failed with exit code 1 (use -v to see invocation)
configure:5263: $? = 1
configure: failed program was:
| /* confdefs.h */
| #define PACKAGE_NAME "LibBi"
| #define PACKAGE_TARNAME "libbi"
| #define PACKAGE_VERSION "1.3.0"
| #define PACKAGE_STRING "LibBi 1.3.0"
| #define PACKAGE_BUGREPORT "bug-report@libbi.org"
| #define PACKAGE_URL "http://www.libbi.org"
| #define THRUST_DEVICE_SYSTEM THRUST_DEVICE_SYSTEM_CPP
| #define THRUST_HOST_SYSTEM THRUST_HOST_SYSTEM_CPP
| #define HAVE_LIBM 1
| /* end confdefs.h.  */
| 
| 
| int
| main ()
| {
| return main ();
|   ;
|   return 0;
| }
configure:5272: result: no
configure:5285: checking for library containing cblas_dgemv
configure:5316: g++ -o conftest -O3 -g3 -funroll-loops  -I/usr/local/cuda/include  -L/usr/local/cuda/lib64 -L/usr/local/cuda/lib -Wl,-rpath,/usr/local/cuda/lib64 -Wl,-rpath,/usr/local/cuda/lib conftest.cpp -lm  >&5
ld: warning: directory not found for option '-L/usr/local/cuda/lib64'
ld: warning: directory not found for option '-L/usr/local/cuda/lib'
Undefined symbols for architecture x86_64:
  "_cblas_dgemv", referenced from:
      _main in conftest-c4cb4c.o
ld: symbol(s) not found for architecture x86_64
clang: error: linker command failed with exit code 1 (use -v to see invocation)
configure:5316: $? = 1
configure: failed program was:
| /* confdefs.h */
| #define PACKAGE_NAME "LibBi"
| #define PACKAGE_TARNAME "libbi"
| #define PACKAGE_VERSION "1.3.0"
| #define PACKAGE_STRING "LibBi 1.3.0"
| #define PACKAGE_BUGREPORT "bug-report@libbi.org"
| #define PACKAGE_URL "http://www.libbi.org"
| #define THRUST_DEVICE_SYSTEM THRUST_DEVICE_SYSTEM_CPP
| #define THRUST_HOST_SYSTEM THRUST_HOST_SYSTEM_CPP
| #define HAVE_LIBM 1
| /* end confdefs.h.  */
| 
| /* Override any GCC internal prototype to avoid an error.
|    Use char because int might match the return type of a GCC
|    builtin and then its argument prototype would still apply.  */
| #ifdef __cplusplus
| extern "C"
| #endif
| char cblas_dgemv ();
| int
| main ()
| {
| return cblas_dgemv ();
|   ;
|   return 0;
| }
configure:5316: g++ -o conftest -O3 -g3 -funroll-loops  -I/usr/local/cuda/include  -L/usr/local/cuda/lib64 -L/usr/local/cuda/lib -Wl,-rpath,/usr/local/cuda/lib64 -Wl,-rpath,/usr/local/cuda/lib conftest.cpp -lopenblaso  -lm  >&5
ld: warning: directory not found for option '-L/usr/local/cuda/lib64'
ld: warning: directory not found for option '-L/usr/local/cuda/lib'
ld: library not found for -lopenblaso
clang: error: linker command failed with exit code 1 (use -v to see invocation)
configure:5316: $? = 1
configure: failed program was:
| /* confdefs.h */
| #define PACKAGE_NAME "LibBi"
| #define PACKAGE_TARNAME "libbi"
| #define PACKAGE_VERSION "1.3.0"
| #define PACKAGE_STRING "LibBi 1.3.0"
| #define PACKAGE_BUGREPORT "bug-report@libbi.org"
| #define PACKAGE_URL "http://www.libbi.org"
| #define THRUST_DEVICE_SYSTEM THRUST_DEVICE_SYSTEM_CPP
| #define THRUST_HOST_SYSTEM THRUST_HOST_SYSTEM_CPP
| #define HAVE_LIBM 1
| /* end confdefs.h.  */
| 
| /* Override any GCC internal prototype to avoid an error.
|    Use char because int might match the return type of a GCC
|    builtin and then its argument prototype would still apply.  */
| #ifdef __cplusplus
| extern "C"
| #endif
| char cblas_dgemv ();
| int
| main ()
| {
| return cblas_dgemv ();
|   ;
|   return 0;
| }
configure:5316: g++ -o conftest -O3 -g3 -funroll-loops  -I/usr/local/cuda/include  -L/usr/local/cuda/lib64 -L/usr/local/cuda/lib -Wl,-rpath,/usr/local/cuda/lib64 -Wl,-rpath,/usr/local/cuda/lib conftest.cpp -lopenblas  -lm  >&5
ld: warning: directory not found for option '-L/usr/local/cuda/lib64'
ld: warning: directory not found for option '-L/usr/local/cuda/lib'
ld: library not found for -lopenblas
clang: error: linker command failed with exit code 1 (use -v to see invocation)
configure:5316: $? = 1
configure: failed program was:
| /* confdefs.h */
| #define PACKAGE_NAME "LibBi"
| #define PACKAGE_TARNAME "libbi"
| #define PACKAGE_VERSION "1.3.0"
| #define PACKAGE_STRING "LibBi 1.3.0"
| #define PACKAGE_BUGREPORT "bug-report@libbi.org"
| #define PACKAGE_URL "http://www.libbi.org"
| #define THRUST_DEVICE_SYSTEM THRUST_DEVICE_SYSTEM_CPP
| #define THRUST_HOST_SYSTEM THRUST_HOST_SYSTEM_CPP
| #define HAVE_LIBM 1
| /* end confdefs.h.  */
| 
| /* Override any GCC internal prototype to avoid an error.
|    Use char because int might match the return type of a GCC
|    builtin and then its argument prototype would still apply.  */
| #ifdef __cplusplus
| extern "C"
| #endif
| char cblas_dgemv ();
| int
| main ()
| {
| return cblas_dgemv ();
|   ;
|   return 0;
| }
configure:5316: g++ -o conftest -O3 -g3 -funroll-loops  -I/usr/local/cuda/include  -L/usr/local/cuda/lib64 -L/usr/local/cuda/lib -Wl,-rpath,/usr/local/cuda/lib64 -Wl,-rpath,/usr/local/cuda/lib conftest.cpp -lcblas  -lm  >&5
ld: warning: directory not found for option '-L/usr/local/cuda/lib64'
ld: warning: directory not found for option '-L/usr/local/cuda/lib'
configure:5316: $? = 0
configure:5333: result: -lcblas
configure:5343: checking for library containing dgemv_
configure:5374: g++ -o conftest -O3 -g3 -funroll-loops  -I/usr/local/cuda/include  -L/usr/local/cuda/lib64 -L/usr/local/cuda/lib -Wl,-rpath,/usr/local/cuda/lib64 -Wl,-rpath,/usr/local/cuda/lib conftest.cpp -lcblas -lm  >&5
ld: warning: directory not found for option '-L/usr/local/cuda/lib64'
ld: warning: directory not found for option '-L/usr/local/cuda/lib'
configure:5374: $? = 0
configure:5391: result: none required
configure:5401: checking for library containing dpotrf_
configure:5432: g++ -o conftest -O3 -g3 -funroll-loops  -I/usr/local/cuda/include  -L/usr/local/cuda/lib64 -L/usr/local/cuda/lib -Wl,-rpath,/usr/local/cuda/lib64 -Wl,-rpath,/usr/local/cuda/lib conftest.cpp -lcblas -lm  >&5
ld: warning: directory not found for option '-L/usr/local/cuda/lib64'
ld: warning: directory not found for option '-L/usr/local/cuda/lib'
Undefined symbols for architecture x86_64:
  "_dpotrf_", referenced from:
      _main in conftest-305faf.o
ld: symbol(s) not found for architecture x86_64
clang: error: linker command failed with exit code 1 (use -v to see invocation)
configure:5432: $? = 1
configure: failed program was:
| /* confdefs.h */
| #define PACKAGE_NAME "LibBi"
| #define PACKAGE_TARNAME "libbi"
| #define PACKAGE_VERSION "1.3.0"
| #define PACKAGE_STRING "LibBi 1.3.0"
| #define PACKAGE_BUGREPORT "bug-report@libbi.org"
| #define PACKAGE_URL "http://www.libbi.org"
| #define THRUST_DEVICE_SYSTEM THRUST_DEVICE_SYSTEM_CPP
| #define THRUST_HOST_SYSTEM THRUST_HOST_SYSTEM_CPP
| #define HAVE_LIBM 1
| /* end confdefs.h.  */
| 
| /* Override any GCC internal prototype to avoid an error.
|    Use char because int might match the return type of a GCC
|    builtin and then its argument prototype would still apply.  */
| #ifdef __cplusplus
| extern "C"
| #endif
| char dpotrf_ ();
| int
| main ()
| {
| return dpotrf_ ();
|   ;
|   return 0;
| }
configure:5432: g++ -o conftest -O3 -g3 -funroll-loops  -I/usr/local/cuda/include  -L/usr/local/cuda/lib64 -L/usr/local/cuda/lib -Wl,-rpath,/usr/local/cuda/lib64 -Wl,-rpath,/usr/local/cuda/lib conftest.cpp -lopenblaso  -lcblas -lm  >&5
ld: warning: directory not found for option '-L/usr/local/cuda/lib64'
ld: warning: directory not found for option '-L/usr/local/cuda/lib'
ld: library not found for -lopenblaso
clang: error: linker command failed with exit code 1 (use -v to see invocation)
configure:5432: $? = 1
configure: failed program was:
| /* confdefs.h */
| #define PACKAGE_NAME "LibBi"
| #define PACKAGE_TARNAME "libbi"
| #define PACKAGE_VERSION "1.3.0"
| #define PACKAGE_STRING "LibBi 1.3.0"
| #define PACKAGE_BUGREPORT "bug-report@libbi.org"
| #define PACKAGE_URL "http://www.libbi.org"
| #define THRUST_DEVICE_SYSTEM THRUST_DEVICE_SYSTEM_CPP
| #define THRUST_HOST_SYSTEM THRUST_HOST_SYSTEM_CPP
| #define HAVE_LIBM 1
| /* end confdefs.h.  */
| 
| /* Override any GCC internal prototype to avoid an error.
|    Use char because int might match the return type of a GCC
|    builtin and then its argument prototype would still apply.  */
| #ifdef __cplusplus
| extern "C"
| #endif
| char dpotrf_ ();
| int
| main ()
| {
| return dpotrf_ ();
|   ;
|   return 0;
| }
configure:5432: g++ -o conftest -O3 -g3 -funroll-loops  -I/usr/local/cuda/include  -L/usr/local/cuda/lib64 -L/usr/local/cuda/lib -Wl,-rpath,/usr/local/cuda/lib64 -Wl,-rpath,/usr/local/cuda/lib conftest.cpp -lopenblas  -lcblas -lm  >&5
ld: warning: directory not found for option '-L/usr/local/cuda/lib64'
ld: warning: directory not found for option '-L/usr/local/cuda/lib'
ld: library not found for -lopenblas
clang: error: linker command failed with exit code 1 (use -v to see invocation)
configure:5432: $? = 1
configure: failed program was:
| /* confdefs.h */
| #define PACKAGE_NAME "LibBi"
| #define PACKAGE_TARNAME "libbi"
| #define PACKAGE_VERSION "1.3.0"
| #define PACKAGE_STRING "LibBi 1.3.0"
| #define PACKAGE_BUGREPORT "bug-report@libbi.org"
| #define PACKAGE_URL "http://www.libbi.org"
| #define THRUST_DEVICE_SYSTEM THRUST_DEVICE_SYSTEM_CPP
| #define THRUST_HOST_SYSTEM THRUST_HOST_SYSTEM_CPP
| #define HAVE_LIBM 1
| /* end confdefs.h.  */
| 
| /* Override any GCC internal prototype to avoid an error.
|    Use char because int might match the return type of a GCC
|    builtin and then its argument prototype would still apply.  */
| #ifdef __cplusplus
| extern "C"
| #endif
| char dpotrf_ ();
| int
| main ()
| {
| return dpotrf_ ();
|   ;
|   return 0;
| }
configure:5432: g++ -o conftest -O3 -g3 -funroll-loops  -I/usr/local/cuda/include  -L/usr/local/cuda/lib64 -L/usr/local/cuda/lib -Wl,-rpath,/usr/local/cuda/lib64 -Wl,-rpath,/usr/local/cuda/lib conftest.cpp -llapack  -lcblas -lm  >&5
ld: warning: directory not found for option '-L/usr/local/cuda/lib64'
ld: warning: directory not found for option '-L/usr/local/cuda/lib'
configure:5432: $? = 0
configure:5449: result: -llapack
configure:5460: checking for dch1dn_ in -lqrupdate
configure:5485: g++ -o conftest -O3 -g3 -funroll-loops  -I/usr/local/cuda/include  -L/usr/local/cuda/lib64 -L/usr/local/cuda/lib -Wl,-rpath,/usr/local/cuda/lib64 -Wl,-rpath,/usr/local/cuda/lib conftest.cpp -lqrupdate  -llapack -lcblas -lm  >&5
ld: warning: directory not found for option '-L/usr/local/cuda/lib64'
ld: warning: directory not found for option '-L/usr/local/cuda/lib'
configure:5485: $? = 0
configure:5494: result: yes
configure:5507: checking for main in -lgsl
configure:5526: g++ -o conftest -O3 -g3 -funroll-loops  -I/usr/local/cuda/include  -L/usr/local/cuda/lib64 -L/usr/local/cuda/lib -Wl,-rpath,/usr/local/cuda/lib64 -Wl,-rpath,/usr/local/cuda/lib conftest.cpp -lgsl  -lqrupdate -llapack -lcblas -lm  >&5
ld: warning: directory not found for option '-L/usr/local/cuda/lib64'
ld: warning: directory not found for option '-L/usr/local/cuda/lib'
configure:5526: $? = 0
configure:5535: result: yes
configure:5548: checking for main in -lnetcdf
configure:5567: g++ -o conftest -O3 -g3 -funroll-loops  -I/usr/local/cuda/include  -L/usr/local/cuda/lib64 -L/usr/local/cuda/lib -Wl,-rpath,/usr/local/cuda/lib64 -Wl,-rpath,/usr/local/cuda/lib conftest.cpp -lnetcdf  -lgsl -lqrupdate -llapack -lcblas -lm  >&5
ld: warning: directory not found for option '-L/usr/local/cuda/lib64'
ld: warning: directory not found for option '-L/usr/local/cuda/lib'
configure:5567: $? = 0
configure:5576: result: yes
configure:5589: checking for main in -lprofiler
configure:5608: g++ -o conftest -O3 -g3 -funroll-loops  -I/usr/local/cuda/include  -L/usr/local/cuda/lib64 -L/usr/local/cuda/lib -Wl,-rpath,/usr/local/cuda/lib64 -Wl,-rpath,/usr/local/cuda/lib conftest.cpp -lprofiler  -lnetcdf -lgsl -lqrupdate -llapack -lcblas -lm  >&5
ld: warning: directory not found for option '-L/usr/local/cuda/lib64'
ld: warning: directory not found for option '-L/usr/local/cuda/lib'
ld: library not found for -lprofiler
clang: error: linker command failed with exit code 1 (use -v to see invocation)
configure:5608: $? = 1
configure: failed program was:
| /* confdefs.h */
| #define PACKAGE_NAME "LibBi"
| #define PACKAGE_TARNAME "libbi"
| #define PACKAGE_VERSION "1.3.0"
| #define PACKAGE_STRING "LibBi 1.3.0"
| #define PACKAGE_BUGREPORT "bug-report@libbi.org"
| #define PACKAGE_URL "http://www.libbi.org"
| #define THRUST_DEVICE_SYSTEM THRUST_DEVICE_SYSTEM_CPP
| #define THRUST_HOST_SYSTEM THRUST_HOST_SYSTEM_CPP
| #define HAVE_LIBM 1
| #define HAVE_LIBQRUPDATE 1
| #define HAVE_LIBGSL 1
| #define HAVE_LIBNETCDF 1
| /* end confdefs.h.  */
| 
| 
| int
| main ()
| {
| return main ();
|   ;
|   return 0;
| }
configure:5617: result: no
configure:5921: checking for pow
configure:5921: g++ -o conftest -O3 -g3 -funroll-loops  -I/usr/local/cuda/include  -L/usr/local/cuda/lib64 -L/usr/local/cuda/lib -Wl,-rpath,/usr/local/cuda/lib64 -Wl,-rpath,/usr/local/cuda/lib conftest.cpp -lnetcdf -lgsl -lqrupdate -llapack -lcblas -lm  >&5
ld: warning: directory not found for option '-L/usr/local/cuda/lib64'
ld: warning: directory not found for option '-L/usr/local/cuda/lib'
configure:5921: $? = 0
configure:5921: result: yes
configure:5928: checking for sqrt
configure:5928: g++ -o conftest -O3 -g3 -funroll-loops  -I/usr/local/cuda/include  -L/usr/local/cuda/lib64 -L/usr/local/cuda/lib -Wl,-rpath,/usr/local/cuda/lib64 -Wl,-rpath,/usr/local/cuda/lib conftest.cpp -lnetcdf -lgsl -lqrupdate -llapack -lcblas -lm  >&5
ld: warning: directory not found for option '-L/usr/local/cuda/lib64'
ld: warning: directory not found for option '-L/usr/local/cuda/lib'
configure:5928: $? = 0
configure:5928: result: yes
configure:5935: checking for exp
configure:5935: g++ -o conftest -O3 -g3 -funroll-loops  -I/usr/local/cuda/include  -L/usr/local/cuda/lib64 -L/usr/local/cuda/lib -Wl,-rpath,/usr/local/cuda/lib64 -Wl,-rpath,/usr/local/cuda/lib conftest.cpp -lnetcdf -lgsl -lqrupdate -llapack -lcblas -lm  >&5
ld: warning: directory not found for option '-L/usr/local/cuda/lib64'
ld: warning: directory not found for option '-L/usr/local/cuda/lib'
configure:5935: $? = 0
configure:5935: result: yes
configure:5942: checking for log
configure:5942: g++ -o conftest -O3 -g3 -funroll-loops  -I/usr/local/cuda/include  -L/usr/local/cuda/lib64 -L/usr/local/cuda/lib -Wl,-rpath,/usr/local/cuda/lib64 -Wl,-rpath,/usr/local/cuda/lib conftest.cpp -lnetcdf -lgsl -lqrupdate -llapack -lcblas -lm  >&5
ld: warning: directory not found for option '-L/usr/local/cuda/lib64'
ld: warning: directory not found for option '-L/usr/local/cuda/lib'
configure:5942: $? = 0
configure:5942: result: yes
configure:5953: checking whether to enable assertions
configure:5971: result: no
configure:5977: checking for netcdf.h
configure:5977: g++ -E  -I/usr/local/cuda/include conftest.cpp
configure:5977: $? = 0
configure:5977: result: yes
configure:5994: checking for mkl_cblas.h
configure:5994: g++ -E  -I/usr/local/cuda/include conftest.cpp
conftest.cpp:17:10: fatal error: 'mkl_cblas.h' file not found
#include <mkl_cblas.h>
         ^~~~~~~~~~~~~
1 error generated.
configure:5994: $? = 1
configure: failed program was:
| /* confdefs.h */
| #define PACKAGE_NAME "LibBi"
| #define PACKAGE_TARNAME "libbi"
| #define PACKAGE_VERSION "1.3.0"
| #define PACKAGE_STRING "LibBi 1.3.0"
| #define PACKAGE_BUGREPORT "bug-report@libbi.org"
| #define PACKAGE_URL "http://www.libbi.org"
| #define THRUST_DEVICE_SYSTEM THRUST_DEVICE_SYSTEM_CPP
| #define THRUST_HOST_SYSTEM THRUST_HOST_SYSTEM_CPP
| #define HAVE_LIBM 1
| #define HAVE_LIBQRUPDATE 1
| #define HAVE_LIBGSL 1
| #define HAVE_LIBNETCDF 1
| #define NDEBUG 1
| #define HAVE_NETCDF_H 1
| /* end confdefs.h.  */
| #include <mkl_cblas.h>
configure:5994: result: no
configure:5994: checking for cblas.h
configure:5994: g++ -E  -I/usr/local/cuda/include conftest.cpp
conftest.cpp:17:10: fatal error: 'cblas.h' file not found
#include <cblas.h>
         ^~~~~~~~~
1 error generated.
configure:5994: $? = 1
configure: failed program was:
| /* confdefs.h */
| #define PACKAGE_NAME "LibBi"
| #define PACKAGE_TARNAME "libbi"
| #define PACKAGE_VERSION "1.3.0"
| #define PACKAGE_STRING "LibBi 1.3.0"
| #define PACKAGE_BUGREPORT "bug-report@libbi.org"
| #define PACKAGE_URL "http://www.libbi.org"
| #define THRUST_DEVICE_SYSTEM THRUST_DEVICE_SYSTEM_CPP
| #define THRUST_HOST_SYSTEM THRUST_HOST_SYSTEM_CPP
| #define HAVE_LIBM 1
| #define HAVE_LIBQRUPDATE 1
| #define HAVE_LIBGSL 1
| #define HAVE_LIBNETCDF 1
| #define NDEBUG 1
| #define HAVE_NETCDF_H 1
| /* end confdefs.h.  */
| #include <cblas.h>
configure:5994: result: no
configure:5994: checking for gsl/gsl_cblas.h
configure:5994: g++ -E  -I/usr/local/cuda/include conftest.cpp
configure:5994: $? = 0
configure:5994: result: yes
configure:6023: checking for boost/mpl/if.hpp
configure:6023: g++ -E  -I/usr/local/cuda/include conftest.cpp
configure:6023: $? = 0
configure:6023: result: yes
configure:6023: checking for boost/random/binomial_distribution.hpp
configure:6023: g++ -E  -I/usr/local/cuda/include conftest.cpp
configure:6023: $? = 0
configure:6023: result: yes
configure:6023: checking for boost/random/bernoulli_distribution.hpp
configure:6023: g++ -E  -I/usr/local/cuda/include conftest.cpp
configure:6023: $? = 0
configure:6023: result: yes
configure:6023: checking for boost/random/gamma_distribution.hpp
configure:6023: g++ -E  -I/usr/local/cuda/include conftest.cpp
configure:6023: $? = 0
configure:6023: result: yes
configure:6023: checking for boost/random/mersenne_twister.hpp
configure:6023: g++ -E  -I/usr/local/cuda/include conftest.cpp
configure:6023: $? = 0
configure:6023: result: yes
configure:6023: checking for boost/random/normal_distribution.hpp
configure:6023: g++ -E  -I/usr/local/cuda/include conftest.cpp
configure:6023: $? = 0
configure:6023: result: yes
configure:6023: checking for boost/random/poisson_distribution.hpp
configure:6023: g++ -E  -I/usr/local/cuda/include conftest.cpp
configure:6023: $? = 0
configure:6023: result: yes
configure:6023: checking for boost/random/uniform_int.hpp
configure:6023: g++ -E  -I/usr/local/cuda/include conftest.cpp
configure:6023: $? = 0
configure:6023: result: yes
configure:6023: checking for boost/random/uniform_real.hpp
configure:6023: g++ -E  -I/usr/local/cuda/include conftest.cpp
configure:6023: $? = 0
configure:6023: result: yes
configure:6023: checking for boost/random/variate_generator.hpp
configure:6023: g++ -E  -I/usr/local/cuda/include conftest.cpp
configure:6023: $? = 0
configure:6023: result: yes
configure:6023: checking for boost/typeof/typeof.hpp
configure:6023: g++ -E  -I/usr/local/cuda/include conftest.cpp
configure:6023: $? = 0
configure:6023: result: yes
configure:6066: checking for thrust/adjacent_difference.h
configure:6066: g++ -E  -I/usr/local/cuda/include conftest.cpp
configure:6066: $? = 0
configure:6066: result: yes
configure:6066: checking for thrust/binary_search.h
configure:6066: g++ -E  -I/usr/local/cuda/include conftest.cpp
configure:6066: $? = 0
configure:6066: result: yes
configure:6066: checking for thrust/copy.h
configure:6066: g++ -E  -I/usr/local/cuda/include conftest.cpp
configure:6066: $? = 0
configure:6066: result: yes
configure:6066: checking for thrust/device_ptr.h
configure:6066: g++ -E  -I/usr/local/cuda/include conftest.cpp
configure:6066: $? = 0
configure:6066: result: yes
configure:6066: checking for thrust/distance.h
configure:6066: g++ -E  -I/usr/local/cuda/include conftest.cpp
configure:6066: $? = 0
configure:6066: result: yes
configure:6066: checking for thrust/extrema.h
configure:6066: g++ -E  -I/usr/local/cuda/include conftest.cpp
configure:6066: $? = 0
configure:6066: result: yes
configure:6066: checking for thrust/fill.h
configure:6066: g++ -E  -I/usr/local/cuda/include conftest.cpp
configure:6066: $? = 0
configure:6066: result: yes
configure:6066: checking for thrust/for_each.h
configure:6066: g++ -E  -I/usr/local/cuda/include conftest.cpp
configure:6066: $? = 0
configure:6066: result: yes
configure:6066: checking for thrust/functional.h
configure:6066: g++ -E  -I/usr/local/cuda/include conftest.cpp
configure:6066: $? = 0
configure:6066: result: yes
configure:6066: checking for thrust/gather.h
configure:6066: g++ -E  -I/usr/local/cuda/include conftest.cpp
configure:6066: $? = 0
configure:6066: result: yes
configure:6066: checking for thrust/inner_product.h
configure:6066: g++ -E  -I/usr/local/cuda/include conftest.cpp
configure:6066: $? = 0
configure:6066: result: yes
configure:6066: checking for thrust/iterator/counting_iterator.h
configure:6066: g++ -E  -I/usr/local/cuda/include conftest.cpp
configure:6066: $? = 0
configure:6066: result: yes
configure:6066: checking for thrust/iterator/detail/normal_iterator.h
configure:6066: g++ -E  -I/usr/local/cuda/include conftest.cpp
configure:6066: $? = 0
configure:6066: result: yes
configure:6066: checking for thrust/iterator/discard_iterator.h
configure:6066: g++ -E  -I/usr/local/cuda/include conftest.cpp
configure:6066: $? = 0
configure:6066: result: yes
configure:6066: checking for thrust/iterator/permutation_iterator.h
configure:6066: g++ -E  -I/usr/local/cuda/include conftest.cpp
configure:6066: $? = 0
configure:6066: result: yes
configure:6066: checking for thrust/iterator/transform_iterator.h
configure:6066: g++ -E  -I/usr/local/cuda/include conftest.cpp
configure:6066: $? = 0
configure:6066: result: yes
configure:6066: checking for thrust/iterator/zip_iterator.h
configure:6066: g++ -E  -I/usr/local/cuda/include conftest.cpp
configure:6066: $? = 0
configure:6066: result: yes
configure:6066: checking for thrust/logical.h
configure:6066: g++ -E  -I/usr/local/cuda/include conftest.cpp
configure:6066: $? = 0
configure:6066: result: yes
configure:6066: checking for thrust/reduce.h
configure:6066: g++ -E  -I/usr/local/cuda/include conftest.cpp
configure:6066: $? = 0
configure:6066: result: yes
configure:6066: checking for thrust/scan.h
configure:6066: g++ -E  -I/usr/local/cuda/include conftest.cpp
configure:6066: $? = 0
configure:6066: result: yes
configure:6066: checking for thrust/sequence.h
configure:6066: g++ -E  -I/usr/local/cuda/include conftest.cpp
configure:6066: $? = 0
configure:6066: result: yes
configure:6066: checking for thrust/sort.h
configure:6066: g++ -E  -I/usr/local/cuda/include conftest.cpp
configure:6066: $? = 0
configure:6066: result: yes
configure:6066: checking for thrust/transform.h
configure:6066: g++ -E  -I/usr/local/cuda/include conftest.cpp
configure:6066: $? = 0
configure:6066: result: yes
configure:6066: checking for thrust/transform_reduce.h
configure:6066: g++ -E  -I/usr/local/cuda/include conftest.cpp
configure:6066: $? = 0
configure:6066: result: yes
configure:6066: checking for thrust/transform_scan.h
configure:6066: g++ -E  -I/usr/local/cuda/include conftest.cpp
configure:6066: $? = 0
configure:6066: result: yes
configure:6066: checking for thrust/tuple.h
configure:6066: g++ -E  -I/usr/local/cuda/include conftest.cpp
configure:6066: $? = 0
configure:6066: result: yes
configure:6081: checking for gsl/gsl_multimin.h
configure:6081: g++ -E  -I/usr/local/cuda/include conftest.cpp
configure:6081: $? = 0
configure:6081: result: yes
configure:6539: checking for stdbool.h that conforms to C99
configure:6606: g++ -c -O3 -g3 -funroll-loops  -I/usr/local/cuda/include conftest.cpp >&5
conftest.cpp:60:15: error: expected unqualified-id
              "error: bool is not defined"
              ^
conftest.cpp:78:48: error: C++ requires a type specifier for all declarations
             struct s { _Bool s: 1; _Bool t; } s;
                                               ^
2 errors generated.
configure:6606: $? = 1
configure: failed program was:
| /* confdefs.h */
| #define PACKAGE_NAME "LibBi"
| #define PACKAGE_TARNAME "libbi"
| #define PACKAGE_VERSION "1.3.0"
| #define PACKAGE_STRING "LibBi 1.3.0"
| #define PACKAGE_BUGREPORT "bug-report@libbi.org"
| #define PACKAGE_URL "http://www.libbi.org"
| #define THRUST_DEVICE_SYSTEM THRUST_DEVICE_SYSTEM_CPP
| #define THRUST_HOST_SYSTEM THRUST_HOST_SYSTEM_CPP
| #define HAVE_LIBM 1
| #define HAVE_LIBQRUPDATE 1
| #define HAVE_LIBGSL 1
| #define HAVE_LIBNETCDF 1
| #define NDEBUG 1
| #define HAVE_NETCDF_H 1
| #define HAVE_GSL_GSL_CBLAS_H 1
| #define HAVE_BOOST_MPL_IF_HPP 1
| #define HAVE_BOOST_RANDOM_BINOMIAL_DISTRIBUTION_HPP 1
| #define HAVE_BOOST_RANDOM_BERNOULLI_DISTRIBUTION_HPP 1
| #define HAVE_BOOST_RANDOM_GAMMA_DISTRIBUTION_HPP 1
| #define HAVE_BOOST_RANDOM_MERSENNE_TWISTER_HPP 1
| #define HAVE_BOOST_RANDOM_NORMAL_DISTRIBUTION_HPP 1
| #define HAVE_BOOST_RANDOM_POISSON_DISTRIBUTION_HPP 1
| #define HAVE_BOOST_RANDOM_UNIFORM_INT_HPP 1
| #define HAVE_BOOST_RANDOM_UNIFORM_REAL_HPP 1
| #define HAVE_BOOST_RANDOM_VARIATE_GENERATOR_HPP 1
| #define HAVE_BOOST_TYPEOF_TYPEOF_HPP 1
| #define HAVE_THRUST_ADJACENT_DIFFERENCE_H 1
| #define HAVE_THRUST_BINARY_SEARCH_H 1
| #define HAVE_THRUST_COPY_H 1
| #define HAVE_THRUST_DEVICE_PTR_H 1
| #define HAVE_THRUST_DISTANCE_H 1
| #define HAVE_THRUST_EXTREMA_H 1
| #define HAVE_THRUST_FILL_H 1
| #define HAVE_THRUST_FOR_EACH_H 1
| #define HAVE_THRUST_FUNCTIONAL_H 1
| #define HAVE_THRUST_GATHER_H 1
| #define HAVE_THRUST_INNER_PRODUCT_H 1
| #define HAVE_THRUST_ITERATOR_COUNTING_ITERATOR_H 1
| #define HAVE_THRUST_ITERATOR_DETAIL_NORMAL_ITERATOR_H 1
| #define HAVE_THRUST_ITERATOR_DISCARD_ITERATOR_H 1
| #define HAVE_THRUST_ITERATOR_PERMUTATION_ITERATOR_H 1
| #define HAVE_THRUST_ITERATOR_TRANSFORM_ITERATOR_H 1
| #define HAVE_THRUST_ITERATOR_ZIP_ITERATOR_H 1
| #define HAVE_THRUST_LOGICAL_H 1
| #define HAVE_THRUST_REDUCE_H 1
| #define HAVE_THRUST_SCAN_H 1
| #define HAVE_THRUST_SEQUENCE_H 1
| #define HAVE_THRUST_SORT_H 1
| #define HAVE_THRUST_TRANSFORM_H 1
| #define HAVE_THRUST_TRANSFORM_REDUCE_H 1
| #define HAVE_THRUST_TRANSFORM_SCAN_H 1
| #define HAVE_THRUST_TUPLE_H 1
| #define HAVE_GSL_GSL_MULTIMIN_H 1
| #define ENABLE_DIAGNOSTICS no
| /* end confdefs.h.  */
| 
|              #include <stdbool.h>
|              #ifndef bool
|               "error: bool is not defined"
|              #endif
|              #ifndef false
|               "error: false is not defined"
|              #endif
|              #if false
|               "error: false is not 0"
|              #endif
|              #ifndef true
|               "error: true is not defined"
|              #endif
|              #if true != 1
|               "error: true is not 1"
|              #endif
|              #ifndef __bool_true_false_are_defined
|               "error: __bool_true_false_are_defined is not defined"
|              #endif
| 
|              struct s { _Bool s: 1; _Bool t; } s;
| 
|              char a[true == 1 ? 1 : -1];
|              char b[false == 0 ? 1 : -1];
|              char c[__bool_true_false_are_defined == 1 ? 1 : -1];
|              char d[(bool) 0.5 == true ? 1 : -1];
|              /* See body of main program for 'e'.  */
|              char f[(_Bool) 0.0 == false ? 1 : -1];
|              char g[true];
|              char h[sizeof (_Bool)];
|              char i[sizeof s.t];
|              enum { j = false, k = true, l = false * true, m = true * 256 };
|              /* The following fails for
|                 HP aC++/ANSI C B3910B A.05.55 [Dec 04 2003]. */
|              _Bool n[m];
|              char o[sizeof n == m * sizeof n[0] ? 1 : -1];
|              char p[-1 - (_Bool) 0 < 0 && -1 - (bool) 0 < 0 ? 1 : -1];
|              /* Catch a bug in an HP-UX C compiler.  See
|                 http://gcc.gnu.org/ml/gcc-patches/2003-12/msg02303.html
|                 http://lists.gnu.org/archive/html/bug-coreutils/2005-11/msg00161.html
|               */
|              _Bool q = true;
|              _Bool *pq = &q;
| 
| int
| main ()
| {
| 
|              bool e = &s;
|              *pq |= q;
|              *pq |= ! q;
|              /* Refer to every declared value, to avoid compiler optimizations.  */
|              return (!a + !b + !c + !d + !e + !f + !g + !h + !i + !!j + !k + !!l
|                      + !m + !n + !o + !p + !q + !pq);
| 
|   ;
|   return 0;
| }
configure:6613: result: no
configure:6615: checking for _Bool
configure:6615: g++ -c -O3 -g3 -funroll-loops  -I/usr/local/cuda/include conftest.cpp >&5
conftest.cpp:93:13: error: use of undeclared identifier '_Bool'
if (sizeof (_Bool))
            ^
1 error generated.
configure:6615: $? = 1
configure: failed program was:
| /* confdefs.h */
| #define PACKAGE_NAME "LibBi"
| #define PACKAGE_TARNAME "libbi"
| #define PACKAGE_VERSION "1.3.0"
| #define PACKAGE_STRING "LibBi 1.3.0"
| #define PACKAGE_BUGREPORT "bug-report@libbi.org"
| #define PACKAGE_URL "http://www.libbi.org"
| #define THRUST_DEVICE_SYSTEM THRUST_DEVICE_SYSTEM_CPP
| #define THRUST_HOST_SYSTEM THRUST_HOST_SYSTEM_CPP
| #define HAVE_LIBM 1
| #define HAVE_LIBQRUPDATE 1
| #define HAVE_LIBGSL 1
| #define HAVE_LIBNETCDF 1
| #define NDEBUG 1
| #define HAVE_NETCDF_H 1
| #define HAVE_GSL_GSL_CBLAS_H 1
| #define HAVE_BOOST_MPL_IF_HPP 1
| #define HAVE_BOOST_RANDOM_BINOMIAL_DISTRIBUTION_HPP 1
| #define HAVE_BOOST_RANDOM_BERNOULLI_DISTRIBUTION_HPP 1
| #define HAVE_BOOST_RANDOM_GAMMA_DISTRIBUTION_HPP 1
| #define HAVE_BOOST_RANDOM_MERSENNE_TWISTER_HPP 1
| #define HAVE_BOOST_RANDOM_NORMAL_DISTRIBUTION_HPP 1
| #define HAVE_BOOST_RANDOM_POISSON_DISTRIBUTION_HPP 1
| #define HAVE_BOOST_RANDOM_UNIFORM_INT_HPP 1
| #define HAVE_BOOST_RANDOM_UNIFORM_REAL_HPP 1
| #define HAVE_BOOST_RANDOM_VARIATE_GENERATOR_HPP 1
| #define HAVE_BOOST_TYPEOF_TYPEOF_HPP 1
| #define HAVE_THRUST_ADJACENT_DIFFERENCE_H 1
| #define HAVE_THRUST_BINARY_SEARCH_H 1
| #define HAVE_THRUST_COPY_H 1
| #define HAVE_THRUST_DEVICE_PTR_H 1
| #define HAVE_THRUST_DISTANCE_H 1
| #define HAVE_THRUST_EXTREMA_H 1
| #define HAVE_THRUST_FILL_H 1
| #define HAVE_THRUST_FOR_EACH_H 1
| #define HAVE_THRUST_FUNCTIONAL_H 1
| #define HAVE_THRUST_GATHER_H 1
| #define HAVE_THRUST_INNER_PRODUCT_H 1
| #define HAVE_THRUST_ITERATOR_COUNTING_ITERATOR_H 1
| #define HAVE_THRUST_ITERATOR_DETAIL_NORMAL_ITERATOR_H 1
| #define HAVE_THRUST_ITERATOR_DISCARD_ITERATOR_H 1
| #define HAVE_THRUST_ITERATOR_PERMUTATION_ITERATOR_H 1
| #define HAVE_THRUST_ITERATOR_TRANSFORM_ITERATOR_H 1
| #define HAVE_THRUST_ITERATOR_ZIP_ITERATOR_H 1
| #define HAVE_THRUST_LOGICAL_H 1
| #define HAVE_THRUST_REDUCE_H 1
| #define HAVE_THRUST_SCAN_H 1
| #define HAVE_THRUST_SEQUENCE_H 1
| #define HAVE_THRUST_SORT_H 1
| #define HAVE_THRUST_TRANSFORM_H 1
| #define HAVE_THRUST_TRANSFORM_REDUCE_H 1
| #define HAVE_THRUST_TRANSFORM_SCAN_H 1
| #define HAVE_THRUST_TUPLE_H 1
| #define HAVE_GSL_GSL_MULTIMIN_H 1
| #define ENABLE_DIAGNOSTICS no
| /* end confdefs.h.  */
| #include <stdio.h>
| #ifdef HAVE_SYS_TYPES_H
| # include <sys/types.h>
| #endif
| #ifdef HAVE_SYS_STAT_H
| # include <sys/stat.h>
| #endif
| #ifdef STDC_HEADERS
| # include <stdlib.h>
| # include <stddef.h>
| #else
| # ifdef HAVE_STDLIB_H
| #  include <stdlib.h>
| # endif
| #endif
| #ifdef HAVE_STRING_H
| # if !defined STDC_HEADERS && defined HAVE_MEMORY_H
| #  include <memory.h>
| # endif
| # include <string.h>
| #endif
| #ifdef HAVE_STRINGS_H
| # include <strings.h>
| #endif
| #ifdef HAVE_INTTYPES_H
| # include <inttypes.h>
| #endif
| #ifdef HAVE_STDINT_H
| # include <stdint.h>
| #endif
| #ifdef HAVE_UNISTD_H
| # include <unistd.h>
| #endif
| int
| main ()
| {
| if (sizeof (_Bool))
| 	 return 0;
|   ;
|   return 0;
| }
configure:6615: result: no
configure:6632: checking for inline
configure:6648: g++ -c -O3 -g3 -funroll-loops  -I/usr/local/cuda/include conftest.cpp >&5
configure:6648: $? = 0
configure:6656: result: inline
configure:6824: checking that generated files are newer than configure
configure:6830: result: done
configure:6905: creating ./config.status

## ---------------------- ##
## Running config.status. ##
## ---------------------- ##

This file was extended by LibBi config.status 1.3.0, which was
generated by GNU Autoconf 2.69.  Invocation command line was

  CONFIG_FILES    = 
  CONFIG_HEADERS  = 
  CONFIG_LINKS    = 
  CONFIG_COMMANDS = 
  $ ./config.status 

on 1x-nat-vl931-172-30-142-196.wireless.umass.edu

config.status:822: creating Makefile
config.status:994: executing depfiles commands
configure:8031: WARNING: unrecognized options: --disable-cuda-fast-math, --disable-timing

## ---------------- ##
## Cache variables. ##
## ---------------- ##

ac_cv_c_compiler_gnu=yes
ac_cv_c_inline=inline
ac_cv_cxx_compiler_gnu=yes
ac_cv_env_CCC_set=
ac_cv_env_CCC_value=
ac_cv_env_CC_set=
ac_cv_env_CC_value=
ac_cv_env_CFLAGS_set=
ac_cv_env_CFLAGS_value=
ac_cv_env_CPPFLAGS_set=
ac_cv_env_CPPFLAGS_value=
ac_cv_env_CPP_set=
ac_cv_env_CPP_value=
ac_cv_env_CXXCPP_set=
ac_cv_env_CXXCPP_value=
ac_cv_env_CXXFLAGS_set=set
ac_cv_env_CXXFLAGS_value='-O3 -g3 -funroll-loops'
ac_cv_env_CXX_set=
ac_cv_env_CXX_value=
ac_cv_env_LDFLAGS_set=
ac_cv_env_LDFLAGS_value=
ac_cv_env_LIBS_set=
ac_cv_env_LIBS_value=
ac_cv_env_build_alias_set=
ac_cv_env_build_alias_value=
ac_cv_env_host_alias_set=
ac_cv_env_host_alias_value=
ac_cv_env_target_alias_set=
ac_cv_env_target_alias_value=
ac_cv_func_exp=yes
ac_cv_func_log=yes
ac_cv_func_pow=yes
ac_cv_func_sqrt=yes
ac_cv_header_boost_mpl_if_hpp=yes
ac_cv_header_boost_random_bernoulli_distribution_hpp=yes
ac_cv_header_boost_random_binomial_distribution_hpp=yes
ac_cv_header_boost_random_gamma_distribution_hpp=yes
ac_cv_header_boost_random_mersenne_twister_hpp=yes
ac_cv_header_boost_random_normal_distribution_hpp=yes
ac_cv_header_boost_random_poisson_distribution_hpp=yes
ac_cv_header_boost_random_uniform_int_hpp=yes
ac_cv_header_boost_random_uniform_real_hpp=yes
ac_cv_header_boost_random_variate_generator_hpp=yes
ac_cv_header_boost_typeof_typeof_hpp=yes
ac_cv_header_cblas_h=no
ac_cv_header_gsl_gsl_cblas_h=yes
ac_cv_header_gsl_gsl_multimin_h=yes
ac_cv_header_mkl_cblas_h=no
ac_cv_header_netcdf_h=yes
ac_cv_header_omp_h=no
ac_cv_header_stdbool_h=no
ac_cv_header_thrust_adjacent_difference_h=yes
ac_cv_header_thrust_binary_search_h=yes
ac_cv_header_thrust_copy_h=yes
ac_cv_header_thrust_device_ptr_h=yes
ac_cv_header_thrust_distance_h=yes
ac_cv_header_thrust_extrema_h=yes
ac_cv_header_thrust_fill_h=yes
ac_cv_header_thrust_for_each_h=yes
ac_cv_header_thrust_functional_h=yes
ac_cv_header_thrust_gather_h=yes
ac_cv_header_thrust_inner_product_h=yes
ac_cv_header_thrust_iterator_counting_iterator_h=yes
ac_cv_header_thrust_iterator_detail_normal_iterator_h=yes
ac_cv_header_thrust_iterator_discard_iterator_h=yes
ac_cv_header_thrust_iterator_permutation_iterator_h=yes
ac_cv_header_thrust_iterator_transform_iterator_h=yes
ac_cv_header_thrust_iterator_zip_iterator_h=yes
ac_cv_header_thrust_logical_h=yes
ac_cv_header_thrust_reduce_h=yes
ac_cv_header_thrust_scan_h=yes
ac_cv_header_thrust_sequence_h=yes
ac_cv_header_thrust_sort_h=yes
ac_cv_header_thrust_transform_h=yes
ac_cv_header_thrust_transform_reduce_h=yes
ac_cv_header_thrust_transform_scan_h=yes
ac_cv_header_thrust_tuple_h=yes
ac_cv_lib_atlas_main=no
ac_cv_lib_gfortran_main=no
ac_cv_lib_gsl_main=yes
ac_cv_lib_m_main=yes
ac_cv_lib_mkl_core_mkl_blas_dgemv=no
ac_cv_lib_mkl_sequential_mkl_blas_dgemv=no
ac_cv_lib_netcdf_main=yes
ac_cv_lib_profiler_main=no
ac_cv_lib_qrupdate_dch1dn_=yes
ac_cv_objext=o
ac_cv_path_NVCC=nvcc
ac_cv_path_install='/usr/bin/install -c'
ac_cv_prog_AWK=awk
ac_cv_prog_CPP='g++ -E'
ac_cv_prog_CXXCPP='g++ -E'
ac_cv_prog_ac_ct_CC=g++
ac_cv_prog_ac_ct_CXX=g++
ac_cv_prog_ac_ct_RANLIB=ranlib
ac_cv_prog_cc_c89=no
ac_cv_prog_cc_g=yes
ac_cv_prog_cxx_g=yes
ac_cv_prog_make_make_set=yes
ac_cv_search_cblas_dgemv=-lcblas
ac_cv_search_dgemv_='none required'
ac_cv_search_dpotrf_=-llapack
ac_cv_search_mkl_blas_dgemv=no
ac_cv_type__Bool=no
am_cv_CC_dependencies_compiler_type=gcc3
am_cv_CXX_dependencies_compiler_type=gcc3
am_cv_make_support_nested_variables=yes
am_cv_prog_cc_c_o=yes

## ----------------- ##
## Output variables. ##
## ----------------- ##

ACLOCAL='${SHELL} /Users/gcgibson/Desktop/bayesian_non_parametric/SIR/.SIR/build_openmp_sse/missing aclocal-1.15'
AMDEPBACKSLASH='\'
AMDEP_FALSE='#'
AMDEP_TRUE=''
AMTAR='$${TAR-tar}'
AM_BACKSLASH='\'
AM_DEFAULT_V='$(AM_DEFAULT_VERBOSITY)'
AM_DEFAULT_VERBOSITY='1'
AM_V='$(V)'
AUTOCONF='${SHELL} /Users/gcgibson/Desktop/bayesian_non_parametric/SIR/.SIR/build_openmp_sse/missing autoconf'
AUTOHEADER='${SHELL} /Users/gcgibson/Desktop/bayesian_non_parametric/SIR/.SIR/build_openmp_sse/missing autoheader'
AUTOMAKE='${SHELL} /Users/gcgibson/Desktop/bayesian_non_parametric/SIR/.SIR/build_openmp_sse/missing automake-1.15'
AWK='awk'
CC='g++'
CCDEPMODE='depmode=gcc3'
CFLAGS='-g -O2'
CPP='g++ -E'
CPPFLAGS=' -I/usr/local/cuda/include'
CXX='g++'
CXXCPP='g++ -E'
CXXDEPMODE='depmode=gcc3'
CXXFLAGS='-O3 -g3 -funroll-loops'
CYGPATH_W='echo'
DEFS='-DPACKAGE_NAME=\"LibBi\" -DPACKAGE_TARNAME=\"libbi\" -DPACKAGE_VERSION=\"1.3.0\" -DPACKAGE_STRING=\"LibBi\ 1.3.0\" -DPACKAGE_BUGREPORT=\"bug-report@libbi.org\" -DPACKAGE_URL=\"http://www.libbi.org\" -DTHRUST_DEVICE_SYSTEM=THRUST_DEVICE_SYSTEM_CPP -DTHRUST_HOST_SYSTEM=THRUST_HOST_SYSTEM_CPP -DHAVE_LIBM=1 -DHAVE_LIBQRUPDATE=1 -DHAVE_LIBGSL=1 -DHAVE_LIBNETCDF=1 -DNDEBUG=1 -DHAVE_NETCDF_H=1 -DHAVE_GSL_GSL_CBLAS_H=1 -DHAVE_BOOST_MPL_IF_HPP=1 -DHAVE_BOOST_RANDOM_BINOMIAL_DISTRIBUTION_HPP=1 -DHAVE_BOOST_RANDOM_BERNOULLI_DISTRIBUTION_HPP=1 -DHAVE_BOOST_RANDOM_GAMMA_DISTRIBUTION_HPP=1 -DHAVE_BOOST_RANDOM_MERSENNE_TWISTER_HPP=1 -DHAVE_BOOST_RANDOM_NORMAL_DISTRIBUTION_HPP=1 -DHAVE_BOOST_RANDOM_POISSON_DISTRIBUTION_HPP=1 -DHAVE_BOOST_RANDOM_UNIFORM_INT_HPP=1 -DHAVE_BOOST_RANDOM_UNIFORM_REAL_HPP=1 -DHAVE_BOOST_RANDOM_VARIATE_GENERATOR_HPP=1 -DHAVE_BOOST_TYPEOF_TYPEOF_HPP=1 -DHAVE_THRUST_ADJACENT_DIFFERENCE_H=1 -DHAVE_THRUST_BINARY_SEARCH_H=1 -DHAVE_THRUST_COPY_H=1 -DHAVE_THRUST_DEVICE_PTR_H=1 -DHAVE_THRUST_DISTANCE_H=1 -DHAVE_THRUST_EXTREMA_H=1 -DHAVE_THRUST_FILL_H=1 -DHAVE_THRUST_FOR_EACH_H=1 -DHAVE_THRUST_FUNCTIONAL_H=1 -DHAVE_THRUST_GATHER_H=1 -DHAVE_THRUST_INNER_PRODUCT_H=1 -DHAVE_THRUST_ITERATOR_COUNTING_ITERATOR_H=1 -DHAVE_THRUST_ITERATOR_DETAIL_NORMAL_ITERATOR_H=1 -DHAVE_THRUST_ITERATOR_DISCARD_ITERATOR_H=1 -DHAVE_THRUST_ITERATOR_PERMUTATION_ITERATOR_H=1 -DHAVE_THRUST_ITERATOR_TRANSFORM_ITERATOR_H=1 -DHAVE_THRUST_ITERATOR_ZIP_ITERATOR_H=1 -DHAVE_THRUST_LOGICAL_H=1 -DHAVE_THRUST_REDUCE_H=1 -DHAVE_THRUST_SCAN_H=1 -DHAVE_THRUST_SEQUENCE_H=1 -DHAVE_THRUST_SORT_H=1 -DHAVE_THRUST_TRANSFORM_H=1 -DHAVE_THRUST_TRANSFORM_REDUCE_H=1 -DHAVE_THRUST_TRANSFORM_SCAN_H=1 -DHAVE_THRUST_TUPLE_H=1 -DHAVE_GSL_GSL_MULTIMIN_H=1 -DENABLE_DIAGNOSTICS=no'
DEPDIR='.deps'
ECHO_C='\c'
ECHO_N=''
ECHO_T=''
EGREP=''
ENABLE_ASSERT_FALSE=''
ENABLE_ASSERT_TRUE='#'
ENABLE_AVX_FALSE=''
ENABLE_AVX_TRUE='#'
ENABLE_CUDA_FALSE=''
ENABLE_CUDA_FAST_MATH_FALSE=''
ENABLE_CUDA_FAST_MATH_TRUE='#'
ENABLE_CUDA_TRUE='#'
ENABLE_EXTRADEBUG_FALSE=''
ENABLE_EXTRADEBUG_TRUE='#'
ENABLE_GPERFTOOLS_FALSE=''
ENABLE_GPERFTOOLS_TRUE='#'
ENABLE_GPU_CACHE_FALSE=''
ENABLE_GPU_CACHE_TRUE='#'
ENABLE_MPI_FALSE=''
ENABLE_MPI_TRUE='#'
ENABLE_OPENMP_FALSE=''
ENABLE_OPENMP_TRUE='#'
ENABLE_SINGLE_FALSE=''
ENABLE_SINGLE_TRUE='#'
ENABLE_SSE_FALSE='#'
ENABLE_SSE_TRUE=''
ENABLE_VAMPIR_FALSE=''
ENABLE_VAMPIR_TRUE='#'
EXEEXT=''
GREP=''
INSTALL_DATA='${INSTALL} -m 644'
INSTALL_PROGRAM='${INSTALL}'
INSTALL_SCRIPT='${INSTALL}'
INSTALL_STRIP_PROGRAM='$(install_sh) -c -s'
LDFLAGS=' -L/usr/local/cuda/lib64 -L/usr/local/cuda/lib -Wl,-rpath,/usr/local/cuda/lib64 -Wl,-rpath,/usr/local/cuda/lib'
LIBOBJS=''
LIBS='-lnetcdf -lgsl -lqrupdate -llapack -lcblas -lm '
LTLIBOBJS=''
MAKEINFO='${SHELL} /Users/gcgibson/Desktop/bayesian_non_parametric/SIR/.SIR/build_openmp_sse/missing makeinfo'
MKDIR_P='./install-sh -c -d'
NVCC='nvcc -ccbin=g++'
OBJEXT='o'
OPENMP_CXXFLAGS=''
PACKAGE='libbi'
PACKAGE_BUGREPORT='bug-report@libbi.org'
PACKAGE_NAME='LibBi'
PACKAGE_STRING='LibBi 1.3.0'
PACKAGE_TARNAME='libbi'
PACKAGE_URL='http://www.libbi.org'
PACKAGE_VERSION='1.3.0'
PATH_SEPARATOR=':'
RANLIB='ranlib'
SET_MAKE=''
SHELL='/bin/sh'
STRIP=''
VERSION='1.3.0'
ac_ct_CC='g++'
ac_ct_CXX='g++'
am__EXEEXT_FALSE=''
am__EXEEXT_TRUE='#'
am__fastdepCC_FALSE='#'
am__fastdepCC_TRUE=''
am__fastdepCXX_FALSE='#'
am__fastdepCXX_TRUE=''
am__include='include'
am__isrc=''
am__leading_dot='.'
am__nodep='_no'
am__quote=''
am__tar='$${TAR-tar} chof - "$$tardir"'
am__untar='$${TAR-tar} xf -'
bindir='${exec_prefix}/bin'
build_alias=''
datadir='${datarootdir}'
datarootdir='${prefix}/share'
docdir='${datarootdir}/doc/${PACKAGE_TARNAME}'
dvidir='${docdir}'
exec_prefix='${prefix}'
have_mpicxx=''
have_mpicxxvt=''
host_alias=''
htmldir='${docdir}'
includedir='${prefix}/include'
infodir='${datarootdir}/info'
install_sh='${SHELL} /Users/gcgibson/Desktop/bayesian_non_parametric/SIR/.SIR/build_openmp_sse/install-sh'
libdir='${exec_prefix}/lib'
libexecdir='${exec_prefix}/libexec'
localedir='${datarootdir}/locale'
localstatedir='${prefix}/var'
mandir='${datarootdir}/man'
mkdir_p='$(MKDIR_P)'
oldincludedir='/usr/include'
pdfdir='${docdir}'
prefix='/usr/local'
program_transform_name='s,x,x,'
psdir='${docdir}'
sbindir='${exec_prefix}/sbin'
sharedstatedir='${prefix}/com'
sysconfdir='${prefix}/etc'
target_alias=''

## ----------- ##
## confdefs.h. ##
## ----------- ##

/* confdefs.h */
#define PACKAGE_NAME "LibBi"
#define PACKAGE_TARNAME "libbi"
#define PACKAGE_VERSION "1.3.0"
#define PACKAGE_STRING "LibBi 1.3.0"
#define PACKAGE_BUGREPORT "bug-report@libbi.org"
#define PACKAGE_URL "http://www.libbi.org"
#define THRUST_DEVICE_SYSTEM THRUST_DEVICE_SYSTEM_CPP
#define THRUST_HOST_SYSTEM THRUST_HOST_SYSTEM_CPP
#define HAVE_LIBM 1
#define HAVE_LIBQRUPDATE 1
#define HAVE_LIBGSL 1
#define HAVE_LIBNETCDF 1
#define NDEBUG 1
#define HAVE_NETCDF_H 1
#define HAVE_GSL_GSL_CBLAS_H 1
#define HAVE_BOOST_MPL_IF_HPP 1
#define HAVE_BOOST_RANDOM_BINOMIAL_DISTRIBUTION_HPP 1
#define HAVE_BOOST_RANDOM_BERNOULLI_DISTRIBUTION_HPP 1
#define HAVE_BOOST_RANDOM_GAMMA_DISTRIBUTION_HPP 1
#define HAVE_BOOST_RANDOM_MERSENNE_TWISTER_HPP 1
#define HAVE_BOOST_RANDOM_NORMAL_DISTRIBUTION_HPP 1
#define HAVE_BOOST_RANDOM_POISSON_DISTRIBUTION_HPP 1
#define HAVE_BOOST_RANDOM_UNIFORM_INT_HPP 1
#define HAVE_BOOST_RANDOM_UNIFORM_REAL_HPP 1
#define HAVE_BOOST_RANDOM_VARIATE_GENERATOR_HPP 1
#define HAVE_BOOST_TYPEOF_TYPEOF_HPP 1
#define HAVE_THRUST_ADJACENT_DIFFERENCE_H 1
#define HAVE_THRUST_BINARY_SEARCH_H 1
#define HAVE_THRUST_COPY_H 1
#define HAVE_THRUST_DEVICE_PTR_H 1
#define HAVE_THRUST_DISTANCE_H 1
#define HAVE_THRUST_EXTREMA_H 1
#define HAVE_THRUST_FILL_H 1
#define HAVE_THRUST_FOR_EACH_H 1
#define HAVE_THRUST_FUNCTIONAL_H 1
#define HAVE_THRUST_GATHER_H 1
#define HAVE_THRUST_INNER_PRODUCT_H 1
#define HAVE_THRUST_ITERATOR_COUNTING_ITERATOR_H 1
#define HAVE_THRUST_ITERATOR_DETAIL_NORMAL_ITERATOR_H 1
#define HAVE_THRUST_ITERATOR_DISCARD_ITERATOR_H 1
#define HAVE_THRUST_ITERATOR_PERMUTATION_ITERATOR_H 1
#define HAVE_THRUST_ITERATOR_TRANSFORM_ITERATOR_H 1
#define HAVE_THRUST_ITERATOR_ZIP_ITERATOR_H 1
#define HAVE_THRUST_LOGICAL_H 1
#define HAVE_THRUST_REDUCE_H 1
#define HAVE_THRUST_SCAN_H 1
#define HAVE_THRUST_SEQUENCE_H 1
#define HAVE_THRUST_SORT_H 1
#define HAVE_THRUST_TRANSFORM_H 1
#define HAVE_THRUST_TRANSFORM_REDUCE_H 1
#define HAVE_THRUST_TRANSFORM_SCAN_H 1
#define HAVE_THRUST_TUPLE_H 1
#define HAVE_GSL_GSL_MULTIMIN_H 1
#define ENABLE_DIAGNOSTICS no

configure: exit 0
